#
# There is insufficient memory for the Java Runtime Environment to continue.
# Native memory allocation (malloc) failed to allocate 1110496 bytes for Chunk::new
# Possible reasons:
#   The system is out of physical RAM or swap space
#   In 32 bit mode, the process size limit was hit
# Possible solutions:
#   Reduce memory load on the system
#   Increase physical memory or swap space
#   Check if swap backing store is full
#   Use 64 bit Java on a 64 bit OS
#   Decrease Java heap size (-Xmx/-Xms)
#   Decrease number of Java threads
#   Decrease Java thread stack sizes (-Xss)
#   Set larger code cache with -XX:ReservedCodeCacheSize=
# This output file may be truncated or incomplete.
#
#  Out of Memory Error (allocation.cpp:390), pid=22272, tid=0x00000000000049f8
#
# JRE version: Java(TM) SE Runtime Environment (8.0_181-b13) (build 1.8.0_181-b13)
# Java VM: Java HotSpot(TM) 64-Bit Server VM (25.181-b13 mixed mode windows-amd64 compressed oops)
# Failed to write core dump. Minidumps are not enabled by default on client versions of Windows
#

---------------  T H R E A D  ---------------

Current thread (0x0000000017658800):  JavaThread "C2 CompilerThread1" daemon [_thread_in_native, id=18936, stack(0x0000000018d50000,0x0000000018e50000)]

Stack: [0x0000000018d50000,0x0000000018e50000]
[error occurred during error reporting (printing stack bounds), id 0xc0000005]

Native frames: (J=compiled Java code, j=interpreted, Vv=VM code, C=native code)


Current CompileTask:
C2:   8755 4138       4       org.springframework.core.ResolvableType::as (81 bytes)


---------------  P R O C E S S  ---------------

Java Threads: ( => current thread )
  0x00000000195f3800 JavaThread "Abandoned connection cleanup thread" daemon [_thread_blocked, id=23596, stack(0x000000001fed0000,0x000000001ffd0000)]
  0x000000001c210800 JavaThread "localhost-startStop-1" daemon [_thread_blocked, id=18508, stack(0x000000001fbd0000,0x000000001fcd0000)]
  0x000000001e927000 JavaThread "Tomcat-startStop-1" daemon [_thread_blocked, id=17472, stack(0x000000001d270000,0x000000001d370000)]
  0x0000000019d2f000 JavaThread "restartedMain" [_thread_blocked, id=24044, stack(0x000000001af60000,0x000000001b060000)]
  0x0000000019f21000 JavaThread "Thread-0" [_thread_blocked, id=17368, stack(0x000000001ae60000,0x000000001af60000)]
  0x0000000018e5b800 JavaThread "Service Thread" daemon [_thread_blocked, id=23924, stack(0x0000000019350000,0x0000000019450000)]
  0x0000000018e58800 JavaThread "C1 CompilerThread2" daemon [_thread_blocked, id=10504, stack(0x0000000019250000,0x0000000019350000)]
=>0x0000000017658800 JavaThread "C2 CompilerThread1" daemon [_thread_in_native, id=18936, stack(0x0000000018d50000,0x0000000018e50000)]
  0x0000000017608800 JavaThread "C2 CompilerThread0" daemon [_thread_in_native, id=24072, stack(0x0000000018c50000,0x0000000018d50000)]
  0x0000000017604800 JavaThread "Attach Listener" daemon [_thread_blocked, id=9232, stack(0x0000000018b50000,0x0000000018c50000)]
  0x0000000017603800 JavaThread "Signal Dispatcher" daemon [_thread_blocked, id=23976, stack(0x0000000018a50000,0x0000000018b50000)]
  0x00000000175ea800 JavaThread "Finalizer" daemon [_thread_blocked, id=24004, stack(0x0000000018860000,0x0000000018960000)]
  0x0000000002ab5800 JavaThread "Reference Handler" daemon [_thread_blocked, id=22116, stack(0x0000000018760000,0x0000000018860000)]
  0x00000000029c6000 JavaThread "main" [_thread_blocked, id=24424, stack(0x00000000028c0000,0x00000000029c0000)]

Other Threads:
  0x00000000175c8800 VMThread [stack: 0x0000000018660000,0x0000000018760000] [id=15824]
  0x0000000018e6d800 WatcherThread [stack: 0x0000000019450000,0x0000000019550000] [id=24276]

VM state:not at safepoint (normal execution)

VM Mutex/Monitor currently owned by a thread: None

Heap:
 PSYoungGen      total 193536K, used 61291K [0x00000000d5e00000, 0x00000000e6f00000, 0x0000000100000000)
  eden space 177664K, 34% used [0x00000000d5e00000,0x00000000d99daf78,0x00000000e0b80000)
  from space 15872K, 0% used [0x00000000e0b80000,0x00000000e0b80000,0x00000000e1b00000)
  to   space 15360K, 0% used [0x00000000e6000000,0x00000000e6000000,0x00000000e6f00000)
 ParOldGen       total 88064K, used 18962K [0x0000000081a00000, 0x0000000087000000, 0x00000000d5e00000)
  object space 88064K, 21% used [0x0000000081a00000,0x0000000082c84a88,0x0000000087000000)
 Metaspace       used 35913K, capacity 37496K, committed 37632K, reserved 1081344K
  class space    used 4685K, capacity 4999K, committed 5120K, reserved 1048576K

Card table byte_map: [0x0000000011e80000,0x0000000012280000] byte_map_base: 0x0000000011a73000

Marking Bits: (ParMarkBitMap*) 0x00000000604f2d00
 Begin Bits: [0x0000000012930000, 0x00000000148c8000)
 End Bits:   [0x00000000148c8000, 0x0000000016860000)

Polling page: 0x00000000007f0000

CodeCache: size=245760Kb used=13094Kb max_used=13589Kb free=232665Kb
 bounds [0x0000000002ac0000, 0x0000000003820000, 0x0000000011ac0000]
 total_blobs=4089 nmethods=3672 adapters=328
 compilation: enabled

Compilation events (10 events):
Event: 8.666 Thread 0x0000000018e58800 4195       3       java.util.stream.ReduceOps$3ReducingSink::begin (14 bytes)
Event: 8.666 Thread 0x0000000018e58800 nmethod 4195 0x0000000002c0d950 code [0x0000000002c0dac0, 0x0000000002c0dd08]
Event: 8.667 Thread 0x0000000018e58800 4196       3       org.springframework.beans.factory.support.DisposableBeanAdapter::hasApplicableProcessors (64 bytes)
Event: 8.667 Thread 0x0000000018e58800 nmethod 4196 0x0000000002e06d90 code [0x0000000002e06f80, 0x0000000002e07a08]
Event: 8.670 Thread 0x0000000018e58800 4197       3       org.springframework.core.MethodParameter::getNestedParameterType (122 bytes)
Event: 8.671 Thread 0x0000000018e58800 nmethod 4197 0x0000000002df8b10 code [0x0000000002df8da0, 0x0000000002dfa028]
Event: 8.687 Thread 0x0000000018e58800 4199       3       java.beans.PropertyDescriptor::setPropertyType (9 bytes)
Event: 8.688 Thread 0x0000000018e58800 nmethod 4199 0x00000000030b34d0 code [0x00000000030b3660, 0x00000000030b39e8]
Event: 8.714 Thread 0x0000000018e58800 4200       1       org.springframework.beans.factory.support.AbstractAutowireCapableBeanFactory::getInstantiationStrategy (5 bytes)
Event: 8.714 Thread 0x0000000018e58800 nmethod 4200 0x0000000002e06a90 code [0x0000000002e06be0, 0x0000000002e06cf0]

GC Heap History (10 events):
Event: 3.472 GC heap before
{Heap before GC invocations=7 (full 1):
 PSYoungGen      total 71680K, used 66560K [0x00000000d5e00000, 0x00000000df000000, 0x0000000100000000)
  eden space 66560K, 100% used [0x00000000d5e00000,0x00000000d9f00000,0x00000000d9f00000)
  from space 5120K, 0% used [0x00000000d9f00000,0x00000000d9f00000,0x00000000da400000)
  to   space 8192K, 0% used [0x00000000de800000,0x00000000de800000,0x00000000df000000)
 ParOldGen       total 53760K, used 8402K [0x0000000081a00000, 0x0000000084e80000, 0x00000000d5e00000)
  object space 53760K, 15% used [0x0000000081a00000,0x0000000082234958,0x0000000084e80000)
 Metaspace       used 24228K, capacity 24978K, committed 25216K, reserved 1071104K
  class space    used 3173K, capacity 3359K, committed 3456K, reserved 1048576K
Event: 3.484 GC heap after
Heap after GC invocations=7 (full 1):
 PSYoungGen      total 117760K, used 8165K [0x00000000d5e00000, 0x00000000df000000, 0x0000000100000000)
  eden space 109568K, 0% used [0x00000000d5e00000,0x00000000d5e00000,0x00000000dc900000)
  from space 8192K, 99% used [0x00000000de800000,0x00000000deff9520,0x00000000df000000)
  to   space 9728K, 0% used [0x00000000ddd00000,0x00000000ddd00000,0x00000000de680000)
 ParOldGen       total 53760K, used 8535K [0x0000000081a00000, 0x0000000084e80000, 0x00000000d5e00000)
  object space 53760K, 15% used [0x0000000081a00000,0x0000000082255f08,0x0000000084e80000)
 Metaspace       used 24228K, capacity 24978K, committed 25216K, reserved 1071104K
  class space    used 3173K, capacity 3359K, committed 3456K, reserved 1048576K
}
Event: 4.969 GC heap before
{Heap before GC invocations=8 (full 1):
 PSYoungGen      total 117760K, used 117733K [0x00000000d5e00000, 0x00000000df000000, 0x0000000100000000)
  eden space 109568K, 100% used [0x00000000d5e00000,0x00000000dc900000,0x00000000dc900000)
  from space 8192K, 99% used [0x00000000de800000,0x00000000deff9520,0x00000000df000000)
  to   space 9728K, 0% used [0x00000000ddd00000,0x00000000ddd00000,0x00000000de680000)
 ParOldGen       total 53760K, used 8535K [0x0000000081a00000, 0x0000000084e80000, 0x00000000d5e00000)
  object space 53760K, 15% used [0x0000000081a00000,0x0000000082255f08,0x0000000084e80000)
 Metaspace       used 28291K, capacity 29128K, committed 29312K, reserved 1075200K
  class space    used 3724K, capacity 3943K, committed 3968K, reserved 1048576K
Event: 4.997 GC heap after
Heap after GC invocations=8 (full 1):
 PSYoungGen      total 139776K, used 9703K [0x00000000d5e00000, 0x00000000e2780000, 0x0000000100000000)
  eden space 130048K, 0% used [0x00000000d5e00000,0x00000000d5e00000,0x00000000ddd00000)
  from space 9728K, 99% used [0x00000000ddd00000,0x00000000de679d30,0x00000000de680000)
  to   space 12800K, 0% used [0x00000000e1b00000,0x00000000e1b00000,0x00000000e2780000)
 ParOldGen       total 53760K, used 11914K [0x0000000081a00000, 0x0000000084e80000, 0x00000000d5e00000)
  object space 53760K, 22% used [0x0000000081a00000,0x00000000825a2880,0x0000000084e80000)
 Metaspace       used 28291K, capacity 29128K, committed 29312K, reserved 1075200K
  class space    used 3724K, capacity 3943K, committed 3968K, reserved 1048576K
}
Event: 6.816 GC heap before
{Heap before GC invocations=9 (full 1):
 PSYoungGen      total 139776K, used 139735K [0x00000000d5e00000, 0x00000000e2780000, 0x0000000100000000)
  eden space 130048K, 99% used [0x00000000d5e00000,0x00000000ddcfc100,0x00000000ddd00000)
  from space 9728K, 99% used [0x00000000ddd00000,0x00000000de679d30,0x00000000de680000)
  to   space 12800K, 0% used [0x00000000e1b00000,0x00000000e1b00000,0x00000000e2780000)
 ParOldGen       total 53760K, used 11914K [0x0000000081a00000, 0x0000000084e80000, 0x00000000d5e00000)
  object space 53760K, 22% used [0x0000000081a00000,0x00000000825a2880,0x0000000084e80000)
 Metaspace       used 33388K, capacity 34788K, committed 34944K, reserved 1079296K
  class space    used 4339K, capacity 4631K, committed 4736K, reserved 1048576K
Event: 6.854 GC heap after
Heap after GC invocations=9 (full 1):
 PSYoungGen      total 190464K, used 12799K [0x00000000d5e00000, 0x00000000e4f00000, 0x0000000100000000)
  eden space 177664K, 0% used [0x00000000d5e00000,0x00000000d5e00000,0x00000000e0b80000)
  from space 12800K, 99% used [0x00000000e1b00000,0x00000000e277fc50,0x00000000e2780000)
  to   space 15872K, 0% used [0x00000000e0b80000,0x00000000e0b80000,0x00000000e1b00000)
 ParOldGen       total 53760K, used 15354K [0x0000000081a00000, 0x0000000084e80000, 0x00000000d5e00000)
  object space 53760K, 28% used [0x0000000081a00000,0x00000000828fe840,0x0000000084e80000)
 Metaspace       used 33388K, capacity 34788K, committed 34944K, reserved 1079296K
  class space    used 4339K, capacity 4631K, committed 4736K, reserved 1048576K
}
Event: 7.755 GC heap before
{Heap before GC invocations=10 (full 1):
 PSYoungGen      total 190464K, used 42632K [0x00000000d5e00000, 0x00000000e4f00000, 0x0000000100000000)
  eden space 177664K, 16% used [0x00000000d5e00000,0x00000000d7b225d0,0x00000000e0b80000)
  from space 12800K, 99% used [0x00000000e1b00000,0x00000000e277fc50,0x00000000e2780000)
  to   space 15872K, 0% used [0x00000000e0b80000,0x00000000e0b80000,0x00000000e1b00000)
 ParOldGen       total 53760K, used 15354K [0x0000000081a00000, 0x0000000084e80000, 0x00000000d5e00000)
  object space 53760K, 28% used [0x0000000081a00000,0x00000000828fe840,0x0000000084e80000)
 Metaspace       used 34041K, capacity 35390K, committed 35456K, reserved 1079296K
  class space    used 4420K, capacity 4700K, committed 4736K, reserved 1048576K
Event: 7.776 GC heap after
Heap after GC invocations=10 (full 1):
 PSYoungGen      total 193536K, used 8663K [0x00000000d5e00000, 0x00000000e6f00000, 0x0000000100000000)
  eden space 177664K, 0% used [0x00000000d5e00000,0x00000000d5e00000,0x00000000e0b80000)
  from space 15872K, 54% used [0x00000000e0b80000,0x00000000e13f5e88,0x00000000e1b00000)
  to   space 15360K, 0% used [0x00000000e6000000,0x00000000e6000000,0x00000000e6f00000)
 ParOldGen       total 53760K, used 20678K [0x0000000081a00000, 0x0000000084e80000, 0x00000000d5e00000)
  object space 53760K, 38% used [0x0000000081a00000,0x0000000082e31b38,0x0000000084e80000)
 Metaspace       used 34041K, capacity 35390K, committed 35456K, reserved 1079296K
  class space    used 4420K, capacity 4700K, committed 4736K, reserved 1048576K
}
Event: 7.776 GC heap before
{Heap before GC invocations=11 (full 2):
 PSYoungGen      total 193536K, used 8663K [0x00000000d5e00000, 0x00000000e6f00000, 0x0000000100000000)
  eden space 177664K, 0% used [0x00000000d5e00000,0x00000000d5e00000,0x00000000e0b80000)
  from space 15872K, 54% used [0x00000000e0b80000,0x00000000e13f5e88,0x00000000e1b00000)
  to   space 15360K, 0% used [0x00000000e6000000,0x00000000e6000000,0x00000000e6f00000)
 ParOldGen       total 53760K, used 20678K [0x0000000081a00000, 0x0000000084e80000, 0x00000000d5e00000)
  object space 53760K, 38% used [0x0000000081a00000,0x0000000082e31b38,0x0000000084e80000)
 Metaspace       used 34041K, capacity 35390K, committed 35456K, reserved 1079296K
  class space    used 4420K, capacity 4700K, committed 4736K, reserved 1048576K
Event: 7.864 GC heap after
Heap after GC invocations=11 (full 2):
 PSYoungGen      total 193536K, used 0K [0x00000000d5e00000, 0x00000000e6f00000, 0x0000000100000000)
  eden space 177664K, 0% used [0x00000000d5e00000,0x00000000d5e00000,0x00000000e0b80000)
  from space 15872K, 0% used [0x00000000e0b80000,0x00000000e0b80000,0x00000000e1b00000)
  to   space 15360K, 0% used [0x00000000e6000000,0x00000000e6000000,0x00000000e6f00000)
 ParOldGen       total 88064K, used 18962K [0x0000000081a00000, 0x0000000087000000, 0x00000000d5e00000)
  object space 88064K, 21% used [0x0000000081a00000,0x0000000082c84a88,0x0000000087000000)
 Metaspace       used 34041K, capacity 35390K, committed 35456K, reserved 1079296K
  class space    used 4420K, capacity 4700K, committed 4736K, reserved 1048576K
}

Deoptimization events (10 events):
Event: 8.218 Thread 0x000000001c210800 Uncommon trap: reason=bimorphic action=maybe_recompile pc=0x0000000002c42698 method=java.util.HashMap.putVal(ILjava/lang/Object;Ljava/lang/Object;ZZ)Ljava/lang/Object; @ 253
Event: 8.245 Thread 0x000000001c210800 Uncommon trap: reason=bimorphic action=maybe_recompile pc=0x0000000002c42698 method=java.util.HashMap.putVal(ILjava/lang/Object;Ljava/lang/Object;ZZ)Ljava/lang/Object; @ 253
Event: 8.249 Thread 0x000000001c210800 Uncommon trap: reason=unstable_if action=reinterpret pc=0x00000000036cc864 method=org.springframework.boot.context.properties.source.ConfigurationPropertyName.elementEquals(Ljava/lang/CharSequence;Ljava/lang/CharSequence;)Z @ 203
Event: 8.265 Thread 0x000000001c210800 Uncommon trap: reason=bimorphic action=maybe_recompile pc=0x0000000002c42698 method=java.util.HashMap.putVal(ILjava/lang/Object;Ljava/lang/Object;ZZ)Ljava/lang/Object; @ 253
Event: 8.399 Thread 0x000000001c210800 Uncommon trap: reason=unstable_if action=reinterpret pc=0x000000000324ec74 method=org.springframework.util.ObjectUtils.nullSafeEquals(Ljava/lang/Object;Ljava/lang/Object;)Z @ 8
Event: 8.437 Thread 0x00000000195f3800 Uncommon trap: reason=unstable_if action=reinterpret pc=0x0000000002f0aec0 method=java.net.URL.<init>(Ljava/net/URL;Ljava/lang/String;Ljava/net/URLStreamHandler;)V @ 57
Event: 8.437 Thread 0x00000000195f3800 Uncommon trap: reason=unstable_if action=reinterpret pc=0x0000000002d9b6e4 method=java.net.URLStreamHandler.parseURL(Ljava/net/URL;Ljava/lang/String;II)V @ 57
Event: 8.456 Thread 0x000000001c210800 Uncommon trap: reason=unstable_if action=reinterpret pc=0x0000000003347a6c method=java.security.CodeSource.getCertificates()[Ljava/security/cert/Certificate; @ 22
Event: 8.517 Thread 0x000000001c210800 Uncommon trap: reason=unstable_if action=reinterpret pc=0x0000000002d05b80 method=java.lang.AbstractStringBuilder.append(Ljava/lang/String;)Ljava/lang/AbstractStringBuilder; @ 1
Event: 8.525 Thread 0x000000001c210800 Uncommon trap: reason=class_check action=maybe_recompile pc=0x0000000002c03664 method=java.lang.reflect.Executable.getAnnotation(Ljava/lang/Class;)Ljava/lang/annotation/Annotation; @ 19

Classes redefined (0 events):
No events

Internal exceptions (10 events):
Event: 8.676 Thread 0x000000001c210800 Exception <a 'java/lang/ClassNotFoundException': org/springframework/boot/actuate/info/EnvironmentInfoContributorCustomizer> (0x00000000d9243060) thrown at [C:\re\workspace\8-2-build-windows-amd64-cygwin\jdk8u181\11358\hotspot\src\share\vm\classfile\syste
Event: 8.677 Thread 0x000000001c210800 Exception <a 'java/lang/ClassNotFoundException': org/springframework/boot/actuate/info/InfoContributorCustomizer> (0x00000000d925e5d8) thrown at [C:\re\workspace\8-2-build-windows-amd64-cygwin\jdk8u181\11358\hotspot\src\share\vm\classfile\systemDictionary
Event: 8.678 Thread 0x000000001c210800 Exception <a 'java/lang/ClassNotFoundException': java/lang/ObjectCustomizer> (0x00000000d92713e0) thrown at [C:\re\workspace\8-2-build-windows-amd64-cygwin\jdk8u181\11358\hotspot\src\share\vm\classfile\systemDictionary.cpp, line 210]
Event: 8.678 Thread 0x000000001c210800 Exception <a 'java/lang/ClassNotFoundException': org/springframework/boot/actuate/info/InfoEndpointCustomizer> (0x00000000d928ccd8) thrown at [C:\re\workspace\8-2-build-windows-amd64-cygwin\jdk8u181\11358\hotspot\src\share\vm\classfile\systemDictionary.cp
Event: 8.680 Thread 0x000000001c210800 Exception <a 'java/lang/ClassNotFoundException': java/lang/ObjectCustomizer> (0x00000000d92a3830) thrown at [C:\re\workspace\8-2-build-windows-amd64-cygwin\jdk8u181\11358\hotspot\src\share\vm\classfile\systemDictionary.cpp, line 210]
Event: 8.680 Thread 0x000000001c210800 Exception <a 'java/lang/ClassNotFoundException': org/springframework/boot/actuate/autoconfigure/logging/LoggersEndpointAutoConfigurationCustomizer> (0x00000000d92c7ef0) thrown at [C:\re\workspace\8-2-build-windows-amd64-cygwin\jdk8u181\11358\hotspot\src\s
Event: 8.681 Thread 0x000000001c210800 Exception <a 'java/lang/ClassNotFoundException': org/springframework/boot/actuate/autoconfigure/logging/LoggersEndpointAutoConfiguration$$EnhancerBySpringCGLIB$$fd2cea83Customizer> (0x00000000d92f26a8) thrown at [C:\re\workspace\8-2-build-windows-amd64-cy
Event: 8.682 Thread 0x000000001c210800 Exception <a 'java/lang/ClassNotFoundException': org/springframework/context/annotation/ConfigurationClassEnhancer$EnhancedConfigurationCustomizer> (0x00000000d931a5f8) thrown at [C:\re\workspace\8-2-build-windows-amd64-cygwin\jdk8u181\11358\hotspot\src\s
Event: 8.687 Thread 0x000000001c210800 Exception <a 'java/lang/ClassNotFoundException': java/lang/ObjectCustomizer> (0x00000000d93a7330) thrown at [C:\re\workspace\8-2-build-windows-amd64-cygwin\jdk8u181\11358\hotspot\src\share\vm\classfile\systemDictionary.cpp, line 210]
Event: 8.687 Thread 0x000000001c210800 Exception <a 'java/lang/ClassNotFoundException': org/springframework/boot/actuate/logging/LoggersEndpointCustomizer> (0x00000000d93c3d20) thrown at [C:\re\workspace\8-2-build-windows-amd64-cygwin\jdk8u181\11358\hotspot\src\share\vm\classfile\systemDiction

Events (10 events):
Event: 8.686 loading class java/lang/ObjectCustomizer
Event: 8.686 loading class java/lang/ObjectCustomizer done
Event: 8.687 loading class org/springframework/boot/actuate/logging/LoggersEndpointCustomizer
Event: 8.687 loading class org/springframework/boot/actuate/logging/LoggersEndpointCustomizer done
Event: 8.687 loading class org/springframework/boot/actuate/logging/LoggersEndpointCustomizer
Event: 8.687 loading class org/springframework/boot/actuate/logging/LoggersEndpointCustomizer done
Event: 8.687 loading class org/springframework/boot/actuate/logging/LoggersEndpointCustomizer
Event: 8.687 loading class org/springframework/boot/actuate/logging/LoggersEndpointCustomizer done
Event: 8.714 loading class java/lang/ObjectCustomizer
Event: 8.714 loading class java/lang/ObjectCustomizer done


Dynamic libraries:
0x00007ff6bba80000 - 0x00007ff6bbab7000 	C:\Program Files\Java\jre1.8.0_181\bin\java.exe
0x00007ffebdbd0000 - 0x00007ffebddb1000 	C:\WINDOWS\SYSTEM32\ntdll.dll
0x00007ffebd680000 - 0x00007ffebd732000 	C:\WINDOWS\System32\KERNEL32.DLL
0x00007ffebaa00000 - 0x00007ffebac73000 	C:\WINDOWS\System32\KERNELBASE.dll
0x00007ffebb210000 - 0x00007ffebb2b1000 	C:\WINDOWS\System32\ADVAPI32.dll
0x00007ffebb170000 - 0x00007ffebb20e000 	C:\WINDOWS\System32\msvcrt.dll
0x00007ffebb2d0000 - 0x00007ffebb32b000 	C:\WINDOWS\System32\sechost.dll
0x00007ffebda70000 - 0x00007ffebdb94000 	C:\WINDOWS\System32\RPCRT4.dll
0x00007ffebd740000 - 0x00007ffebd8d0000 	C:\WINDOWS\System32\USER32.dll
0x00007ffebad20000 - 0x00007ffebad40000 	C:\WINDOWS\System32\win32u.dll
0x00007ffebb950000 - 0x00007ffebb978000 	C:\WINDOWS\System32\GDI32.dll
0x00007ffebad40000 - 0x00007ffebaed2000 	C:\WINDOWS\System32\gdi32full.dll
0x00007ffebac80000 - 0x00007ffebad1f000 	C:\WINDOWS\System32\msvcp_win.dll
0x00007ffeb9fa0000 - 0x00007ffeba09a000 	C:\WINDOWS\System32\ucrtbase.dll
0x00007ffeb1e30000 - 0x00007ffeb2099000 	C:\WINDOWS\WinSxS\amd64_microsoft.windows.common-controls_6595b64144ccf1df_6.0.17134.165_none_fb429645306569ac\COMCTL32.dll
0x00007ffebb5c0000 - 0x00007ffebb8e3000 	C:\WINDOWS\System32\combase.dll
0x00007ffebaf90000 - 0x00007ffebb00a000 	C:\WINDOWS\System32\bcryptPrimitives.dll
0x00007ffebbb00000 - 0x00007ffebbb2d000 	C:\WINDOWS\System32\IMM32.DLL
0x0000000060580000 - 0x0000000060652000 	C:\Program Files\Java\jre1.8.0_181\bin\msvcr100.dll
0x000000005fcd0000 - 0x0000000060572000 	C:\Program Files\Java\jre1.8.0_181\bin\server\jvm.dll
0x00007ffebb150000 - 0x00007ffebb158000 	C:\WINDOWS\System32\PSAPI.DLL
0x00007ffeb8750000 - 0x00007ffeb8759000 	C:\WINDOWS\SYSTEM32\WSOCK32.dll
0x00007ffebbbd0000 - 0x00007ffebbc3c000 	C:\WINDOWS\System32\WS2_32.dll
0x00007ffeb71f0000 - 0x00007ffeb7213000 	C:\WINDOWS\SYSTEM32\WINMM.dll
0x00007ffeb2ca0000 - 0x00007ffeb2caa000 	C:\WINDOWS\SYSTEM32\VERSION.dll
0x00007ffeb71c0000 - 0x00007ffeb71ea000 	C:\WINDOWS\SYSTEM32\WINMMBASE.dll
0x00007ffebb010000 - 0x00007ffebb059000 	C:\WINDOWS\System32\cfgmgr32.dll
0x000000005fcc0000 - 0x000000005fccf000 	C:\Program Files\Java\jre1.8.0_181\bin\verify.dll
0x000000005fc90000 - 0x000000005fcb9000 	C:\Program Files\Java\jre1.8.0_181\bin\java.dll
0x000000005fc20000 - 0x000000005fc36000 	C:\Program Files\Java\jre1.8.0_181\bin\zip.dll
0x00007ffebbc40000 - 0x00007ffebd080000 	C:\WINDOWS\System32\SHELL32.dll
0x00007ffebd0a0000 - 0x00007ffebd149000 	C:\WINDOWS\System32\shcore.dll
0x00007ffeba2f0000 - 0x00007ffeba9fd000 	C:\WINDOWS\System32\windows.storage.dll
0x00007ffebb8f0000 - 0x00007ffebb941000 	C:\WINDOWS\System32\shlwapi.dll
0x00007ffeb9f80000 - 0x00007ffeb9f91000 	C:\WINDOWS\System32\kernel.appcore.dll
0x00007ffeb9ee0000 - 0x00007ffeb9eff000 	C:\WINDOWS\System32\profapi.dll
0x00007ffeb9f10000 - 0x00007ffeb9f5c000 	C:\WINDOWS\System32\powrprof.dll
0x00007ffeb9f00000 - 0x00007ffeb9f0a000 	C:\WINDOWS\System32\FLTLIB.DLL
0x000000005fc80000 - 0x000000005fc8d000 	C:\Program Files\Java\jre1.8.0_181\bin\management.dll
0x000000005fc00000 - 0x000000005fc1a000 	C:\Program Files\Java\jre1.8.0_181\bin\net.dll
0x00007ffeb93a0000 - 0x00007ffeb9406000 	C:\WINDOWS\system32\mswsock.dll
0x00007ffeb1700000 - 0x00007ffeb1716000 	C:\WINDOWS\system32\napinsp.dll
0x00007ffeb16e0000 - 0x00007ffeb16fa000 	C:\WINDOWS\system32\pnrpnsp.dll
0x00007ffeb51f0000 - 0x00007ffeb5209000 	C:\WINDOWS\system32\NLAapi.dll
0x00007ffeb9160000 - 0x00007ffeb921e000 	C:\WINDOWS\SYSTEM32\DNSAPI.dll
0x00007ffebb160000 - 0x00007ffebb168000 	C:\WINDOWS\System32\NSI.dll
0x00007ffeb9120000 - 0x00007ffeb9158000 	C:\WINDOWS\SYSTEM32\IPHLPAPI.DLL
0x00007ffeb16d0000 - 0x00007ffeb16de000 	C:\WINDOWS\System32\winrnr.dll
0x00007ffea97d0000 - 0x00007ffea97e5000 	C:\WINDOWS\System32\wshbth.dll
0x00007ffeaf5c0000 - 0x00007ffeaf5ca000 	C:\Windows\System32\rasadhlp.dll
0x00007ffeb0050000 - 0x00007ffeb00c2000 	C:\WINDOWS\System32\fwpuclnt.dll
0x00007ffeb9a00000 - 0x00007ffeb9a25000 	C:\WINDOWS\SYSTEM32\bcrypt.dll
0x000000005fbe0000 - 0x000000005fbf1000 	C:\Program Files\Java\jre1.8.0_181\bin\nio.dll
0x00007ffeb9b00000 - 0x00007ffeb9b17000 	C:\WINDOWS\SYSTEM32\CRYPTSP.dll
0x00007ffeb8f80000 - 0x00007ffeb8fb3000 	C:\WINDOWS\system32\rsaenh.dll
0x00007ffeb9e10000 - 0x00007ffeb9e38000 	C:\WINDOWS\SYSTEM32\USERENV.dll
0x00007ffeb95b0000 - 0x00007ffeb95bb000 	C:\WINDOWS\SYSTEM32\CRYPTBASE.dll
0x00007ffeb1070000 - 0x00007ffeb1086000 	C:\WINDOWS\SYSTEM32\dhcpcsvc6.DLL
0x00007ffeb1a00000 - 0x00007ffeb1a1a000 	C:\WINDOWS\SYSTEM32\dhcpcsvc.DLL

VM Arguments:
java_command: com.eniso.acmwebservice.AcmwebserviceApplication
java_class_path (initial): C:\Users\Nesrine\Desktop\acmWebService\target\classes;C:\Users\Nesrine\.m2\repository\org\springframework\boot\spring-boot-starter-jdbc\2.0.3.RELEASE\spring-boot-starter-jdbc-2.0.3.RELEASE.jar;C:\Users\Nesrine\.m2\repository\org\springframework\data\spring-data-commons\2.0.8.RELEASE\spring-data-commons-2.0.8.RELEASE.jar;C:\Users\Nesrine\.m2\repository\org\springframework\boot\spring-boot-starter-logging\2.0.3.RELEASE\spring-boot-starter-logging-2.0.3.RELEASE.jar;C:\Users\Nesrine\.m2\repository\org\springframework\boot\spring-boot-starter\2.0.3.RELEASE\spring-boot-starter-2.0.3.RELEASE.jar;C:\Users\Nesrine\.m2\repository\org\hibernate\common\hibernate-commons-annotations\5.0.1.Final\hibernate-commons-annotations-5.0.1.Final.jar;C:\Users\Nesrine\.m2\repository\io\micrometer\micrometer-core\1.0.5\micrometer-core-1.0.5.jar;C:\Users\Nesrine\.m2\repository\org\codehaus\jackson\jackson-mapper-asl\1.9.9\jackson-mapper-asl-1.9.9.jar;C:\Users\Nesrine\.m2\repository\org\springframework\data\spring-data-jpa\2.0.8.RELEASE\spring-data-jpa-2.0.8.RELEASE.jar;C:\Users\Nesrine\.m2\repository\javax\validation\validation-api\2.0.1.Final\validation-api-2.0.1.Final.jar;C:\Users\Nesrine\.m2\repository\mysql\mysql-connector-java\5.1.46\mysql-connector-java-5.1.46.jar;C:\Users\Nesrine\.m2\repository\org\springframework\boot\spring-boot-starter-data-jpa\2.0.3.RELEASE\spring-boot-starter-data-jpa-2.0.3.RELEASE.jar;C:\Users\Nesrine\.m2\repository\antlr\antlr\2.7.7\antlr-2.7.7.jar;C:\Users\Nesrine\.m2\repository\org\springframework\spring-tx\5.0.7.RELEASE\spring-tx-5.0.7.RELEASE.jar;C:\Users\Nesrine\.m2\repository\org\springframework\spring-core\5.0.7.RELEASE\spring-core-5.0.7.RELEASE.jar;C:\Users\Nesrine\.m2\repository\com\fasterxml\classmate\1.3.4\classmate-1.3.4.jar;C:\Users\Nesrine\.m2\repository\org\springframework\boot\spring-boot-starter-aop\2.0.3.RELEASE\spring-boot-starter-aop-2.0.3.RELEASE.jar;C:\Users\Nesrine\.m2\repository\ch\qos\logback\logback-classic\
Launcher Type: SUN_STANDARD

Environment Variables:
PATH=C:\Program Files\Docker\Docker\Resources\bin;C:\Program Files (x86)\Common Files\Oracle\Java\javapath;C:\ProgramData\Oracle\Java\javapath;C:\WINDOWS\system32;C:\WINDOWS;C:\WINDOWS\System32\Wbem;C:\WINDOWS\System32\WindowsPowerShell\v1.0\;C:\Program Files\dotnet\;C:\Program Files\Microsoft SQL Server\130\Tools\Binn\;C:\Program Files\MATLAB\R2017a\runtime\win64;C:\Program Files\MATLAB\R2017a\bin;C:\Program Files\MinGW\bin;C:\Program Files\Flex\bin;C:\Program Files (x86)\GnuWin32\bin;C:\Program Files\Git\cmd;C:\Program Files\MongoDB\Server\3.6\bin;C:\oracle_odbc;C:\Program Files (x86)\OpenSSH\bin;C:\Users\Nesrine\AppData\Local\Programs\Python\Python36;C:\Users\Nesrine\AppData\Local\Programs\Python\Python36\Scripts;C:\WINDOWS\System32\OpenSSH\;C:\Program Files\php;C:\composer;C:\Program Files\nodejs\;C:\Program Files\Apache Software Foundation\apache-maven-3.5.4\apache-maven\src\bin;C:\Program Files\Apache Software Foundation\apache-maven-3.5.4\bin;C:\Program Files\Java\jdk1.8;C:\Program Files\Java\jre1.8.0_181;C:\Users\Nesrine\AppData\Local\Microsoft\WindowsApps;C:\Users\Nesrine\AppData\Local\GitHubDesktop\bin;C:\Users\Nesrine\AppData\Local\Microsoft\WindowsApps;C:\Program Files\Microsoft VS Code\bin;C:\Program Files\php;C:\Users\Nesrine\AppData\Roaming\Composer\vendor\bin;C:\wamp64\bin\mysql\mysql5.7.19\bin;C:\Program Files\MinGW\msys\1.0\bin;C:\Users\Nesrine\AppData\Roaming\npm
USERNAME=Nesrine
OS=Windows_NT
PROCESSOR_IDENTIFIER=Intel64 Family 6 Model 94 Stepping 3, GenuineIntel



---------------  S Y S T E M  ---------------

OS: Windows 10.0 , 64 bit Build 17134 (10.0.17134.1)

CPU:total 4 (initial active 4) (4 cores per cpu, 1 threads per core) family 6 model 94 stepping 3, cmov, cx8, fxsr, mmx, sse, sse2, sse3, ssse3, sse4.1, sse4.2, popcnt, avx, avx2, aes, clmul, erms, rtm, 3dnowpref, lzcnt, tsc, tscinvbit, bmi1, bmi2, adx

Memory: 4k page, physical 8279152k(1218340k free), swap 33444976k(7128k free)

vm_info: Java HotSpot(TM) 64-Bit Server VM (25.181-b13) for windows-amd64 JRE (1.8.0_181-b13), built on Jul  7 2018 04:01:33 by "java_re" with MS VC++ 10.0 (VS2010)

time: Mon Aug 13 15:32:40 2018
elapsed time: 8 seconds (0d 0h 0m 8s)

