#
# There is insufficient memory for the Java Runtime Environment to continue.
# Native memory allocation (malloc) failed to allocate 923216 bytes for Chunk::new
# Possible reasons:
#   The system is out of physical RAM or swap space
#   In 32 bit mode, the process size limit was hit
# Possible solutions:
#   Reduce memory load on the system
#   Increase physical memory or swap space
#   Check if swap backing store is full
#   Use 64 bit Java on a 64 bit OS
#   Decrease Java heap size (-Xmx/-Xms)
#   Decrease number of Java threads
#   Decrease Java thread stack sizes (-Xss)
#   Set larger code cache with -XX:ReservedCodeCacheSize=
# This output file may be truncated or incomplete.
#
#  Out of Memory Error (allocation.cpp:390), pid=23892, tid=0x0000000000005e74
#
# JRE version: Java(TM) SE Runtime Environment (8.0_111-b14) (build 1.8.0_111-b14)
# Java VM: Java HotSpot(TM) 64-Bit Server VM (25.111-b14 mixed mode windows-amd64 compressed oops)
# Failed to write core dump. Minidumps are not enabled by default on client versions of Windows
#

---------------  T H R E A D  ---------------

Current thread (0x000000001739f000):  JavaThread "C2 CompilerThread0" daemon [_thread_in_native, id=24180, stack(0x00000000189f0000,0x0000000018af0000)]

Stack: [0x00000000189f0000,0x0000000018af0000]
[error occurred during error reporting (printing stack bounds), id 0xc0000005]

Native frames: (J=compiled Java code, j=interpreted, Vv=VM code, C=native code)


Current CompileTask:
C2:   4449 3424       4       org.springframework.asm.Frame::execute (2252 bytes)


---------------  P R O C E S S  ---------------

Java Threads: ( => current thread )
  0x000000001d8b7000 JavaThread "Abandoned connection cleanup thread" daemon [_thread_blocked, id=17104, stack(0x000000001d310000,0x000000001d410000)]
  0x0000000018d2d000 JavaThread "surefire-forkedjvm-ping-30s" daemon [_thread_in_native, id=22172, stack(0x00000000193f0000,0x00000000194f0000)]
  0x0000000018cf3800 JavaThread "surefire-forkedjvm-command-thread" daemon [_thread_in_native, id=15100, stack(0x00000000192f0000,0x00000000193f0000)]
  0x0000000018bf7800 JavaThread "Service Thread" daemon [_thread_blocked, id=18948, stack(0x00000000190f0000,0x00000000191f0000)]
  0x0000000018bf3800 JavaThread "C1 CompilerThread2" daemon [_thread_blocked, id=22288, stack(0x0000000018ff0000,0x00000000190f0000)]
  0x00000000173f8000 JavaThread "C2 CompilerThread1" daemon [_thread_blocked, id=17900, stack(0x0000000018af0000,0x0000000018bf0000)]
=>0x000000001739f000 JavaThread "C2 CompilerThread0" daemon [_thread_in_native, id=24180, stack(0x00000000189f0000,0x0000000018af0000)]
  0x000000001739d000 JavaThread "Attach Listener" daemon [_thread_blocked, id=21988, stack(0x00000000188f0000,0x00000000189f0000)]
  0x000000001739c000 JavaThread "Signal Dispatcher" daemon [_thread_blocked, id=24532, stack(0x00000000187f0000,0x00000000188f0000)]
  0x0000000002854800 JavaThread "Finalizer" daemon [_thread_blocked, id=24488, stack(0x0000000018600000,0x0000000018700000)]
  0x0000000002851000 JavaThread "Reference Handler" daemon [_thread_blocked, id=10204, stack(0x0000000018500000,0x0000000018600000)]
  0x0000000002763000 JavaThread "main" [_thread_in_vm, id=17128, stack(0x0000000002660000,0x0000000002760000)]

Other Threads:
  0x0000000017367800 VMThread [stack: 0x0000000018400000,0x0000000018500000] [id=24496]
  0x0000000018bfb000 WatcherThread [stack: 0x00000000191f0000,0x00000000192f0000] [id=24480]

VM state:not at safepoint (normal execution)

VM Mutex/Monitor currently owned by a thread: None

Heap:
 PSYoungGen      total 116224K, used 92503K [0x00000000d5e00000, 0x00000000dee80000, 0x0000000100000000)
  eden space 108032K, 78% used [0x00000000d5e00000,0x00000000db057038,0x00000000dc780000)
  from space 8192K, 99% used [0x00000000dde80000,0x00000000de67ec30,0x00000000de680000)
  to   space 7168K, 0% used [0x00000000de780000,0x00000000de780000,0x00000000dee80000)
 ParOldGen       total 55296K, used 11386K [0x0000000081a00000, 0x0000000085000000, 0x00000000d5e00000)
  object space 55296K, 20% used [0x0000000081a00000,0x000000008251e868,0x0000000085000000)
 Metaspace       used 33632K, capacity 34678K, committed 34864K, reserved 1079296K
  class space    used 4350K, capacity 4592K, committed 4656K, reserved 1048576K

Card table byte_map: [0x0000000011c20000,0x0000000012020000] byte_map_base: 0x0000000011813000

Marking Bits: (ParMarkBitMap*) 0x00000000604fa6c0
 Begin Bits: [0x00000000126d0000, 0x0000000014668000)
 End Bits:   [0x0000000014668000, 0x0000000016600000)

Polling page: 0x0000000000a20000

CodeCache: size=245760Kb used=12883Kb max_used=12895Kb free=232876Kb
 bounds [0x0000000002860000, 0x0000000003500000, 0x0000000011860000]
 total_blobs=3903 nmethods=3487 adapters=328
 compilation: enabled

Compilation events (10 events):
Event: 4.421 Thread 0x0000000018bf3800 3484       3       java.lang.ClassLoader::compareCerts (149 bytes)
Event: 4.422 Thread 0x0000000018bf3800 nmethod 3484 0x00000000034fad50 code [0x00000000034faf20, 0x00000000034fb7b8]
Event: 4.436 Thread 0x0000000018bf3800 3485       3       org.apache.logging.log4j.spi.AbstractLogger::narrow (21 bytes)
Event: 4.436 Thread 0x0000000018bf3800 nmethod 3485 0x00000000034f4710 code [0x00000000034f48a0, 0x00000000034f4ca8]
Event: 4.442 Thread 0x0000000018bf3800 3486       1       java.text.DecimalFormatSymbols::getZeroDigit (5 bytes)
Event: 4.442 Thread 0x00000000173f8000 3488       4       java.lang.StringBuilder::append (8 bytes)
Event: 4.442 Thread 0x0000000018bf3800 nmethod 3486 0x00000000034f4450 code [0x00000000034f45a0, 0x00000000034f46b0]
Event: 4.442 Thread 0x0000000018bf3800 3487       1       ch.qos.logback.core.pattern.Converter::getNext (5 bytes)
Event: 4.442 Thread 0x0000000018bf3800 nmethod 3487 0x00000000034fba90 code [0x00000000034fbbe0, 0x00000000034fbcf0]
Event: 4.446 Thread 0x00000000173f8000 nmethod 3488 0x00000000034fed90 code [0x00000000034fef00, 0x00000000034ff348]

GC Heap History (10 events):
Event: 1.838 GC heap before
{Heap before GC invocations=4 (full 0):
 PSYoungGen      total 38400K, used 38374K [0x00000000d5e00000, 0x00000000da900000, 0x0000000100000000)
  eden space 33280K, 100% used [0x00000000d5e00000,0x00000000d7e80000,0x00000000d7e80000)
  from space 5120K, 99% used [0x00000000d7e80000,0x00000000d8379998,0x00000000d8380000)
  to   space 5120K, 0% used [0x00000000da400000,0x00000000da400000,0x00000000da900000)
 ParOldGen       total 87552K, used 404K [0x0000000081a00000, 0x0000000086f80000, 0x00000000d5e00000)
  object space 87552K, 0% used [0x0000000081a00000,0x0000000081a65248,0x0000000086f80000)
 Metaspace       used 17781K, capacity 18346K, committed 18432K, reserved 1064960K
  class space    used 2348K, capacity 2506K, committed 2560K, reserved 1048576K
Event: 1.844 GC heap after
Heap after GC invocations=4 (full 0):
 PSYoungGen      total 71680K, used 5096K [0x00000000d5e00000, 0x00000000da900000, 0x0000000100000000)
  eden space 66560K, 0% used [0x00000000d5e00000,0x00000000d5e00000,0x00000000d9f00000)
  from space 5120K, 99% used [0x00000000da400000,0x00000000da8fa140,0x00000000da900000)
  to   space 5120K, 0% used [0x00000000d9f00000,0x00000000d9f00000,0x00000000da400000)
 ParOldGen       total 87552K, used 1710K [0x0000000081a00000, 0x0000000086f80000, 0x00000000d5e00000)
  object space 87552K, 1% used [0x0000000081a00000,0x0000000081babb48,0x0000000086f80000)
 Metaspace       used 17781K, capacity 18346K, committed 18432K, reserved 1064960K
  class space    used 2348K, capacity 2506K, committed 2560K, reserved 1048576K
}
Event: 2.007 GC heap before
{Heap before GC invocations=5 (full 0):
 PSYoungGen      total 71680K, used 27389K [0x00000000d5e00000, 0x00000000da900000, 0x0000000100000000)
  eden space 66560K, 33% used [0x00000000d5e00000,0x00000000d73c53a8,0x00000000d9f00000)
  from space 5120K, 99% used [0x00000000da400000,0x00000000da8fa140,0x00000000da900000)
  to   space 5120K, 0% used [0x00000000d9f00000,0x00000000d9f00000,0x00000000da400000)
 ParOldGen       total 87552K, used 1710K [0x0000000081a00000, 0x0000000086f80000, 0x00000000d5e00000)
  object space 87552K, 1% used [0x0000000081a00000,0x0000000081babb48,0x0000000086f80000)
 Metaspace       used 20652K, capacity 21248K, committed 21296K, reserved 1067008K
  class space    used 2671K, capacity 2847K, committed 2864K, reserved 1048576K
Event: 2.014 GC heap after
Heap after GC invocations=5 (full 0):
 PSYoungGen      total 71680K, used 5104K [0x00000000d5e00000, 0x00000000def00000, 0x0000000100000000)
  eden space 66560K, 0% used [0x00000000d5e00000,0x00000000d5e00000,0x00000000d9f00000)
  from space 5120K, 99% used [0x00000000d9f00000,0x00000000da3fc080,0x00000000da400000)
  to   space 7680K, 0% used [0x00000000de780000,0x00000000de780000,0x00000000def00000)
 ParOldGen       total 87552K, used 3638K [0x0000000081a00000, 0x0000000086f80000, 0x00000000d5e00000)
  object space 87552K, 4% used [0x0000000081a00000,0x0000000081d8d9d8,0x0000000086f80000)
 Metaspace       used 20652K, capacity 21248K, committed 21296K, reserved 1067008K
  class space    used 2671K, capacity 2847K, committed 2864K, reserved 1048576K
}
Event: 2.014 GC heap before
{Heap before GC invocations=6 (full 1):
 PSYoungGen      total 71680K, used 5104K [0x00000000d5e00000, 0x00000000def00000, 0x0000000100000000)
  eden space 66560K, 0% used [0x00000000d5e00000,0x00000000d5e00000,0x00000000d9f00000)
  from space 5120K, 99% used [0x00000000d9f00000,0x00000000da3fc080,0x00000000da400000)
  to   space 7680K, 0% used [0x00000000de780000,0x00000000de780000,0x00000000def00000)
 ParOldGen       total 87552K, used 3638K [0x0000000081a00000, 0x0000000086f80000, 0x00000000d5e00000)
  object space 87552K, 4% used [0x0000000081a00000,0x0000000081d8d9d8,0x0000000086f80000)
 Metaspace       used 20652K, capacity 21248K, committed 21296K, reserved 1067008K
  class space    used 2671K, capacity 2847K, committed 2864K, reserved 1048576K
Event: 2.045 GC heap after
Heap after GC invocations=6 (full 1):
 PSYoungGen      total 71680K, used 0K [0x00000000d5e00000, 0x00000000def00000, 0x0000000100000000)
  eden space 66560K, 0% used [0x00000000d5e00000,0x00000000d5e00000,0x00000000d9f00000)
  from space 5120K, 0% used [0x00000000d9f00000,0x00000000d9f00000,0x00000000da400000)
  to   space 7680K, 0% used [0x00000000de780000,0x00000000de780000,0x00000000def00000)
 ParOldGen       total 55296K, used 6873K [0x0000000081a00000, 0x0000000085000000, 0x00000000d5e00000)
  object space 55296K, 12% used [0x0000000081a00000,0x00000000820b6580,0x0000000085000000)
 Metaspace       used 20652K, capacity 21248K, committed 21296K, reserved 1067008K
  class space    used 2671K, capacity 2847K, committed 2864K, reserved 1048576K
}
Event: 2.696 GC heap before
{Heap before GC invocations=7 (full 1):
 PSYoungGen      total 71680K, used 66560K [0x00000000d5e00000, 0x00000000def00000, 0x0000000100000000)
  eden space 66560K, 100% used [0x00000000d5e00000,0x00000000d9f00000,0x00000000d9f00000)
  from space 5120K, 0% used [0x00000000d9f00000,0x00000000d9f00000,0x00000000da400000)
  to   space 7680K, 0% used [0x00000000de780000,0x00000000de780000,0x00000000def00000)
 ParOldGen       total 55296K, used 6873K [0x0000000081a00000, 0x0000000085000000, 0x00000000d5e00000)
  object space 55296K, 12% used [0x0000000081a00000,0x00000000820b6580,0x0000000085000000)
 Metaspace       used 25806K, capacity 26610K, committed 26928K, reserved 1073152K
  class space    used 3332K, capacity 3524K, committed 3632K, reserved 1048576K
Event: 2.714 GC heap after
Heap after GC invocations=7 (full 1):
 PSYoungGen      total 115200K, used 7160K [0x00000000d5e00000, 0x00000000dee80000, 0x0000000100000000)
  eden space 108032K, 0% used [0x00000000d5e00000,0x00000000d5e00000,0x00000000dc780000)
  from space 7168K, 99% used [0x00000000de780000,0x00000000dee7e328,0x00000000dee80000)
  to   space 8192K, 0% used [0x00000000dde80000,0x00000000dde80000,0x00000000de680000)
 ParOldGen       total 55296K, used 6945K [0x0000000081a00000, 0x0000000085000000, 0x00000000d5e00000)
  object space 55296K, 12% used [0x0000000081a00000,0x00000000820c8590,0x0000000085000000)
 Metaspace       used 25806K, capacity 26610K, committed 26928K, reserved 1073152K
  class space    used 3332K, capacity 3524K, committed 3632K, reserved 1048576K
}
Event: 3.521 GC heap before
{Heap before GC invocations=8 (full 1):
 PSYoungGen      total 115200K, used 115192K [0x00000000d5e00000, 0x00000000dee80000, 0x0000000100000000)
  eden space 108032K, 100% used [0x00000000d5e00000,0x00000000dc780000,0x00000000dc780000)
  from space 7168K, 99% used [0x00000000de780000,0x00000000dee7e328,0x00000000dee80000)
  to   space 8192K, 0% used [0x00000000dde80000,0x00000000dde80000,0x00000000de680000)
 ParOldGen       total 55296K, used 6945K [0x0000000081a00000, 0x0000000085000000, 0x00000000d5e00000)
  object space 55296K, 12% used [0x0000000081a00000,0x00000000820c8590,0x0000000085000000)
 Metaspace       used 29810K, capacity 30656K, committed 30768K, reserved 1075200K
  class space    used 3911K, capacity 4107K, committed 4144K, reserved 1048576K
Event: 3.532 GC heap after
Heap after GC invocations=8 (full 1):
 PSYoungGen      total 116224K, used 8187K [0x00000000d5e00000, 0x00000000dee80000, 0x0000000100000000)
  eden space 108032K, 0% used [0x00000000d5e00000,0x00000000d5e00000,0x00000000dc780000)
  from space 8192K, 99% used [0x00000000dde80000,0x00000000de67ec30,0x00000000de680000)
  to   space 7168K, 0% used [0x00000000de780000,0x00000000de780000,0x00000000dee80000)
 ParOldGen       total 55296K, used 11386K [0x0000000081a00000, 0x0000000085000000, 0x00000000d5e00000)
  object space 55296K, 20% used [0x0000000081a00000,0x000000008251e868,0x0000000085000000)
 Metaspace       used 29810K, capacity 30656K, committed 30768K, reserved 1075200K
  class space    used 3911K, capacity 4107K, committed 4144K, reserved 1048576K
}

Deoptimization events (10 events):
Event: 4.197 Thread 0x0000000002763000 Uncommon trap: reason=unstable_if action=reinterpret pc=0x0000000002c15c1c method=java.util.HashMap.putVal(ILjava/lang/Object;Ljava/lang/Object;ZZ)Ljava/lang/Object; @ 236
Event: 4.209 Thread 0x0000000002763000 Uncommon trap: reason=unstable_if action=reinterpret pc=0x0000000002b8e93c method=java.lang.CharacterDataLatin1.isWhitespace(I)Z @ 14
Event: 4.229 Thread 0x0000000002763000 Uncommon trap: reason=unstable_if action=reinterpret pc=0x0000000002e7c140 method=java.util.LinkedHashMap.get(Ljava/lang/Object;)Ljava/lang/Object; @ 20
Event: 4.248 Thread 0x0000000002763000 Uncommon trap: reason=unstable_if action=reinterpret pc=0x0000000002defaec method=java.security.CodeSource.getCertificates()[Ljava/security/cert/Certificate; @ 22
Event: 4.287 Thread 0x0000000002763000 Uncommon trap: reason=unstable_if action=reinterpret pc=0x0000000002a85748 method=java.lang.AbstractStringBuilder.append(Ljava/lang/String;)Ljava/lang/AbstractStringBuilder; @ 1
Event: 4.296 Thread 0x0000000002763000 Uncommon trap: reason=unstable_if action=reinterpret pc=0x0000000002d74124 method=java.util.concurrent.ConcurrentHashMap.get(Ljava/lang/Object;)Ljava/lang/Object; @ 76
Event: 4.296 Thread 0x0000000002763000 Uncommon trap: reason=class_check action=maybe_recompile pc=0x0000000002c52cac method=java.util.concurrent.ConcurrentHashMap.putVal(Ljava/lang/Object;Ljava/lang/Object;Z)Ljava/lang/Object; @ 192
Event: 4.297 Thread 0x0000000002763000 Uncommon trap: reason=class_check action=maybe_recompile pc=0x0000000002c52cac method=java.util.concurrent.ConcurrentHashMap.putVal(Ljava/lang/Object;Ljava/lang/Object;Z)Ljava/lang/Object; @ 192
Event: 4.310 Thread 0x0000000002763000 Uncommon trap: reason=class_check action=maybe_recompile pc=0x0000000002c52cac method=java.util.concurrent.ConcurrentHashMap.putVal(Ljava/lang/Object;Ljava/lang/Object;Z)Ljava/lang/Object; @ 192
Event: 4.354 Thread 0x0000000002763000 Uncommon trap: reason=class_check action=maybe_recompile pc=0x0000000002c52cac method=java.util.concurrent.ConcurrentHashMap.putVal(Ljava/lang/Object;Ljava/lang/Object;Z)Ljava/lang/Object; @ 192

Internal exceptions (10 events):
Event: 4.370 Thread 0x0000000002763000 Exception <a 'java/lang/ClassNotFoundException': org.springframework.boot.autoconfigure.jdbc.metadata.DataSourcePoolMetadataProvidersConfiguration$HikariPoolDataSourceMetadataProviderConfiguration$$Lambda$222/1940749968Customizer> (0x00000000dab6b730) thr
Event: 4.370 Thread 0x0000000002763000 Exception <a 'java/lang/ClassNotFoundException': org.springframework.boot.autoconfigure.jdbc.metadata.DataSourcePoolMetadataProvidersConfiguration$HikariPoolDataSourceMetadataProviderConfiguration$$Lambda$222/1940749968Customizer> (0x00000000dab6bea0) thr
Event: 4.370 Thread 0x0000000002763000 Exception <a 'java/lang/ClassNotFoundException': org.springframework.boot.autoconfigure.jdbc.metadata.DataSourcePoolMetadataProvidersConfiguration$HikariPoolDataSourceMetadataProviderConfiguration$$Lambda$222/1940749968Customizer> (0x00000000dab6c610) thr
Event: 4.371 Thread 0x0000000002763000 Exception <a 'java/lang/ClassNotFoundException': org/springframework/boot/jdbc/metadata/DataSourcePoolMetadataProviderCustomizer> (0x00000000dab90090) thrown at [C:\re\workspace\8-2-build-windows-amd64-cygwin\jdk8u111\7883\hotspot\src\share\vm\classfile\s
Event: 4.377 Thread 0x0000000002763000 Exception <a 'java/lang/ClassNotFoundException': java/lang/ObjectCustomizer> (0x00000000dabc4cc8) thrown at [C:\re\workspace\8-2-build-windows-amd64-cygwin\jdk8u111\7883\hotspot\src\share\vm\classfile\systemDictionary.cpp, line 210]
Event: 4.378 Thread 0x0000000002763000 Exception <a 'java/lang/ClassNotFoundException': org/springframework/boot/autoconfigure/orm/jpa/JpaBaseConfigurationCustomizer> (0x00000000dabe8b58) thrown at [C:\re\workspace\8-2-build-windows-amd64-cygwin\jdk8u111\7883\hotspot\src\share\vm\classfile\sys
Event: 4.398 Thread 0x0000000002763000 Exception <a 'java/lang/ClassNotFoundException': org/springframework/boot/autoconfigure/orm/jpa/HibernateJpaConfigurationCustomizer> (0x00000000dac1ab80) thrown at [C:\re\workspace\8-2-build-windows-amd64-cygwin\jdk8u111\7883\hotspot\src\share\vm\classfil
Event: 4.399 Thread 0x0000000002763000 Exception <a 'java/lang/ClassNotFoundException': org/springframework/boot/autoconfigure/orm/jpa/HibernateJpaConfiguration$$EnhancerBySpringCGLIB$$2e11cf13Customizer> (0x00000000dac480f0) thrown at [C:\re\workspace\8-2-build-windows-amd64-cygwin\jdk8u111\7
Event: 4.399 Thread 0x0000000002763000 Exception <a 'java/lang/ClassNotFoundException': org/springframework/context/annotation/ConfigurationClassEnhancer$EnhancedConfigurationCustomizer> (0x00000000dac7ad18) thrown at [C:\re\workspace\8-2-build-windows-amd64-cygwin\jdk8u111\7883\hotspot\src\sh
Event: 4.400 Thread 0x0000000002763000 Exception <a 'java/lang/ClassNotFoundException': org/springframework/beans/factory/BeanFactoryAwareCustomizer> (0x00000000dac96010) thrown at [C:\re\workspace\8-2-build-windows-amd64-cygwin\jdk8u111\7883\hotspot\src\share\vm\classfile\systemDictionary.cpp

Events (10 events):
Event: 4.441 loading class org/slf4j/helpers/MessageFormatter
Event: 4.441 loading class org/slf4j/helpers/MessageFormatter done
Event: 4.442 loading class org/slf4j/helpers/FormattingTuple
Event: 4.442 loading class org/slf4j/helpers/FormattingTuple done
Event: 4.447 loading class com/zaxxer/hikari/pool/PoolBase$ConnectionSetupException
Event: 4.447 loading class com/zaxxer/hikari/pool/PoolBase$ConnectionSetupException done
Event: 4.447 loading class java/sql/SQLTransientConnectionException
Event: 4.447 loading class java/sql/SQLTransientException
Event: 4.447 loading class java/sql/SQLTransientException done
Event: 4.447 loading class java/sql/SQLTransientConnectionException done


Dynamic libraries:
0x00007ff62edb0000 - 0x00007ff62ede7000 	C:\Program Files\Java\jdk1.8\jre\bin\java.exe
0x00007ffebdbd0000 - 0x00007ffebddb1000 	C:\WINDOWS\SYSTEM32\ntdll.dll
0x00007ffebd680000 - 0x00007ffebd732000 	C:\WINDOWS\System32\KERNEL32.DLL
0x00007ffebaa00000 - 0x00007ffebac73000 	C:\WINDOWS\System32\KERNELBASE.dll
0x00007ffebb210000 - 0x00007ffebb2b1000 	C:\WINDOWS\System32\ADVAPI32.dll
0x00007ffebb170000 - 0x00007ffebb20e000 	C:\WINDOWS\System32\msvcrt.dll
0x00007ffebb2d0000 - 0x00007ffebb32b000 	C:\WINDOWS\System32\sechost.dll
0x00007ffebda70000 - 0x00007ffebdb94000 	C:\WINDOWS\System32\RPCRT4.dll
0x00007ffebd740000 - 0x00007ffebd8d0000 	C:\WINDOWS\System32\USER32.dll
0x00007ffebad20000 - 0x00007ffebad40000 	C:\WINDOWS\System32\win32u.dll
0x00007ffebb950000 - 0x00007ffebb978000 	C:\WINDOWS\System32\GDI32.dll
0x00007ffebad40000 - 0x00007ffebaed2000 	C:\WINDOWS\System32\gdi32full.dll
0x00007ffebac80000 - 0x00007ffebad1f000 	C:\WINDOWS\System32\msvcp_win.dll
0x00007ffeb9fa0000 - 0x00007ffeba09a000 	C:\WINDOWS\System32\ucrtbase.dll
0x00007ffeb1e30000 - 0x00007ffeb2099000 	C:\WINDOWS\WinSxS\amd64_microsoft.windows.common-controls_6595b64144ccf1df_6.0.17134.165_none_fb429645306569ac\COMCTL32.dll
0x00007ffebb5c0000 - 0x00007ffebb8e3000 	C:\WINDOWS\System32\combase.dll
0x00007ffebaf90000 - 0x00007ffebb00a000 	C:\WINDOWS\System32\bcryptPrimitives.dll
0x00007ffebbb00000 - 0x00007ffebbb2d000 	C:\WINDOWS\System32\IMM32.DLL
0x0000000060580000 - 0x0000000060652000 	C:\Program Files\Java\jdk1.8\jre\bin\msvcr100.dll
0x000000005fce0000 - 0x000000006057a000 	C:\Program Files\Java\jdk1.8\jre\bin\server\jvm.dll
0x00007ffebb150000 - 0x00007ffebb158000 	C:\WINDOWS\System32\PSAPI.DLL
0x00007ffeb8750000 - 0x00007ffeb8759000 	C:\WINDOWS\SYSTEM32\WSOCK32.dll
0x00007ffebbbd0000 - 0x00007ffebbc3c000 	C:\WINDOWS\System32\WS2_32.dll
0x00007ffeb71f0000 - 0x00007ffeb7213000 	C:\WINDOWS\SYSTEM32\WINMM.dll
0x00007ffeb2ca0000 - 0x00007ffeb2caa000 	C:\WINDOWS\SYSTEM32\VERSION.dll
0x00007ffeb71c0000 - 0x00007ffeb71ea000 	C:\WINDOWS\SYSTEM32\WINMMBASE.dll
0x00007ffebb010000 - 0x00007ffebb059000 	C:\WINDOWS\System32\cfgmgr32.dll
0x000000005fcd0000 - 0x000000005fcdf000 	C:\Program Files\Java\jdk1.8\jre\bin\verify.dll
0x000000005fca0000 - 0x000000005fcc9000 	C:\Program Files\Java\jdk1.8\jre\bin\java.dll
0x000000005fc80000 - 0x000000005fc96000 	C:\Program Files\Java\jdk1.8\jre\bin\zip.dll
0x00007ffebbc40000 - 0x00007ffebd080000 	C:\WINDOWS\System32\SHELL32.dll
0x00007ffebd0a0000 - 0x00007ffebd149000 	C:\WINDOWS\System32\shcore.dll
0x00007ffeba2f0000 - 0x00007ffeba9fd000 	C:\WINDOWS\System32\windows.storage.dll
0x00007ffebb8f0000 - 0x00007ffebb941000 	C:\WINDOWS\System32\shlwapi.dll
0x00007ffeb9f80000 - 0x00007ffeb9f91000 	C:\WINDOWS\System32\kernel.appcore.dll
0x00007ffeb9ee0000 - 0x00007ffeb9eff000 	C:\WINDOWS\System32\profapi.dll
0x00007ffeb9f10000 - 0x00007ffeb9f5c000 	C:\WINDOWS\System32\powrprof.dll
0x00007ffeb9f00000 - 0x00007ffeb9f0a000 	C:\WINDOWS\System32\FLTLIB.DLL
0x000000005fbc0000 - 0x000000005fbcd000 	C:\Program Files\Java\jdk1.8\jre\bin\management.dll
0x000000005fbf0000 - 0x000000005fc0a000 	C:\Program Files\Java\jdk1.8\jre\bin\net.dll
0x00007ffeb93a0000 - 0x00007ffeb9406000 	C:\WINDOWS\system32\mswsock.dll
0x000000005fbd0000 - 0x000000005fbe1000 	C:\Program Files\Java\jdk1.8\jre\bin\nio.dll
0x00007ffeb1700000 - 0x00007ffeb1716000 	C:\WINDOWS\system32\napinsp.dll
0x00007ffeb16e0000 - 0x00007ffeb16fa000 	C:\WINDOWS\system32\pnrpnsp.dll
0x00007ffeb51f0000 - 0x00007ffeb5209000 	C:\WINDOWS\system32\NLAapi.dll
0x00007ffeb9160000 - 0x00007ffeb921e000 	C:\WINDOWS\SYSTEM32\DNSAPI.dll
0x00007ffebb160000 - 0x00007ffebb168000 	C:\WINDOWS\System32\NSI.dll
0x00007ffeb9120000 - 0x00007ffeb9158000 	C:\WINDOWS\SYSTEM32\IPHLPAPI.DLL
0x00007ffeb16d0000 - 0x00007ffeb16de000 	C:\WINDOWS\System32\winrnr.dll
0x00007ffea97d0000 - 0x00007ffea97e5000 	C:\WINDOWS\System32\wshbth.dll
0x00007ffeaf5c0000 - 0x00007ffeaf5ca000 	C:\Windows\System32\rasadhlp.dll
0x00007ffeb0050000 - 0x00007ffeb00c2000 	C:\WINDOWS\System32\fwpuclnt.dll
0x00007ffeb9a00000 - 0x00007ffeb9a25000 	C:\WINDOWS\SYSTEM32\bcrypt.dll

VM Arguments:
java_command: C:\Users\Nesrine\AppData\Local\Temp\surefire1220871783174115483\surefirebooter2588670962470893466.jar C:\Users\Nesrine\AppData\Local\Temp\surefire1220871783174115483 2018-08-13T15-38-05_303-jvmRun1 surefire2783920391739855337tmp surefire_04827834377850890656tmp
java_class_path (initial): C:\Users\Nesrine\AppData\Local\Temp\surefire1220871783174115483\surefirebooter2588670962470893466.jar
Launcher Type: SUN_STANDARD

Environment Variables:
PATH=C:\Program Files\Docker\Docker\Resources\bin;C:\Program Files (x86)\Common Files\Oracle\Java\javapath;C:\ProgramData\Oracle\Java\javapath;C:\WINDOWS\system32;C:\WINDOWS;C:\WINDOWS\System32\Wbem;C:\WINDOWS\System32\WindowsPowerShell\v1.0\;C:\Program Files\dotnet\;C:\Program Files\Microsoft SQL Server\130\Tools\Binn\;C:\Program Files\MATLAB\R2017a\runtime\win64;C:\Program Files\MATLAB\R2017a\bin;C:\Program Files\MinGW\bin;C:\Program Files\Flex\bin;C:\Program Files (x86)\GnuWin32\bin;C:\Program Files\Git\cmd;C:\Program Files\MongoDB\Server\3.6\bin;C:\oracle_odbc;C:\Program Files (x86)\OpenSSH\bin;C:\Users\Nesrine\AppData\Local\Programs\Python\Python36;C:\Users\Nesrine\AppData\Local\Programs\Python\Python36\Scripts;C:\WINDOWS\System32\OpenSSH\;C:\Program Files\php;C:\composer;C:\Program Files\nodejs\;C:\Program Files\Apache Software Foundation\apache-maven-3.5.4\apache-maven\src\bin;C:\Program Files\Apache Software Foundation\apache-maven-3.5.4\bin;C:\Program Files\Java\jdk1.8;C:\Program Files\Java\jre1.8.0_181;C:\Users\Nesrine\AppData\Local\Microsoft\WindowsApps;C:\Users\Nesrine\AppData\Local\GitHubDesktop\bin;C:\Users\Nesrine\AppData\Local\Microsoft\WindowsApps;C:\Program Files\Microsoft VS Code\bin;C:\Program Files\php;C:\Users\Nesrine\AppData\Roaming\Composer\vendor\bin;C:\wamp64\bin\mysql\mysql5.7.19\bin;C:\Program Files\MinGW\msys\1.0\bin;C:\Users\Nesrine\AppData\Roaming\npm
USERNAME=Nesrine
OS=Windows_NT
PROCESSOR_IDENTIFIER=Intel64 Family 6 Model 94 Stepping 3, GenuineIntel



---------------  S Y S T E M  ---------------

OS: Windows 10.0 , 64 bit Build 17134 (10.0.17134.1)

CPU:total 4 (4 cores per cpu, 1 threads per core) family 6 model 94 stepping 3, cmov, cx8, fxsr, mmx, sse, sse2, sse3, ssse3, sse4.1, sse4.2, popcnt, avx, avx2, aes, clmul, erms, rtm, 3dnowpref, lzcnt, tsc, tscinvbit, bmi1, bmi2, adx

Memory: 4k page, physical 8279152k(1612244k free), swap 33444976k(3720k free)

vm_info: Java HotSpot(TM) 64-Bit Server VM (25.111-b14) for windows-amd64 JRE (1.8.0_111-b14), built on Sep 22 2016 19:24:05 by "java_re" with MS VC++ 10.0 (VS2010)

time: Mon Aug 13 15:38:10 2018
elapsed time: 4 seconds (0d 0h 0m 4s)

