#
# There is insufficient memory for the Java Runtime Environment to continue.
# Native memory allocation (malloc) failed to allocate 32744 bytes for ChunkPool::allocate
# Possible reasons:
#   The system is out of physical RAM or swap space
#   In 32 bit mode, the process size limit was hit
# Possible solutions:
#   Reduce memory load on the system
#   Increase physical memory or swap space
#   Check if swap backing store is full
#   Use 64 bit Java on a 64 bit OS
#   Decrease Java heap size (-Xmx/-Xms)
#   Decrease number of Java threads
#   Decrease Java thread stack sizes (-Xss)
#   Set larger code cache with -XX:ReservedCodeCacheSize=
# This output file may be truncated or incomplete.
#
#  Out of Memory Error (allocation.cpp:273), pid=23704, tid=0x0000000000005554
#
# JRE version: Java(TM) SE Runtime Environment (8.0_181-b13) (build 1.8.0_181-b13)
# Java VM: Java HotSpot(TM) 64-Bit Server VM (25.181-b13 mixed mode windows-amd64 compressed oops)
# Failed to write core dump. Minidumps are not enabled by default on client versions of Windows
#

---------------  T H R E A D  ---------------

Current thread (0x0000000017ef7800):  JavaThread "C2 CompilerThread1" daemon [_thread_in_native, id=21844, stack(0x0000000019600000,0x0000000019700000)]

Stack: [0x0000000019600000,0x0000000019700000]
[error occurred during error reporting (printing stack bounds), id 0xc0000005]

Native frames: (J=compiled Java code, j=interpreted, Vv=VM code, C=native code)


Current CompileTask:
C2:   6608 3880       4       org.springframework.asm.Frame::execute (2252 bytes)


---------------  P R O C E S S  ---------------

Java Threads: ( => current thread )
  0x000000001dcad800 JavaThread "localhost-startStop-1" daemon [_thread_in_Java, id=24548, stack(0x0000000020520000,0x0000000020620000)]
  0x000000001a7f1800 JavaThread "Tomcat-startStop-1" daemon [_thread_blocked, id=22232, stack(0x0000000020420000,0x0000000020520000)]
  0x000000001a4b7800 JavaThread "restartedMain" [_thread_blocked, id=24524, stack(0x000000001b810000,0x000000001b910000)]
  0x000000001a37d800 JavaThread "Thread-0" [_thread_blocked, id=18672, stack(0x000000001b710000,0x000000001b810000)]
  0x0000000017efc000 JavaThread "Service Thread" daemon [_thread_blocked, id=10016, stack(0x0000000019c00000,0x0000000019d00000)]
  0x0000000019708800 JavaThread "C1 CompilerThread2" daemon [_thread_in_native, id=21940, stack(0x0000000019b00000,0x0000000019c00000)]
=>0x0000000017ef7800 JavaThread "C2 CompilerThread1" daemon [_thread_in_native, id=21844, stack(0x0000000019600000,0x0000000019700000)]
  0x0000000017ea7800 JavaThread "C2 CompilerThread0" daemon [_thread_in_native, id=24220, stack(0x0000000019500000,0x0000000019600000)]
  0x0000000017ea3800 JavaThread "Attach Listener" daemon [_thread_blocked, id=18908, stack(0x0000000019400000,0x0000000019500000)]
  0x0000000017ea2800 JavaThread "Signal Dispatcher" daemon [_thread_blocked, id=10844, stack(0x0000000019300000,0x0000000019400000)]
  0x0000000017e8a800 JavaThread "Finalizer" daemon [_thread_blocked, id=24268, stack(0x0000000019110000,0x0000000019210000)]
  0x0000000003354800 JavaThread "Reference Handler" daemon [_thread_blocked, id=18116, stack(0x0000000019010000,0x0000000019110000)]
  0x0000000003266000 JavaThread "main" [_thread_blocked, id=2284, stack(0x0000000003060000,0x0000000003160000)]

Other Threads:
  0x0000000017e68800 VMThread [stack: 0x0000000018f10000,0x0000000019010000] [id=9392]
  0x000000001973b800 WatcherThread [stack: 0x0000000019d00000,0x0000000019e00000] [id=13836]

VM state:not at safepoint (normal execution)

VM Mutex/Monitor currently owned by a thread: None

Heap:
 PSYoungGen      total 143872K, used 17964K [0x00000000d5e00000, 0x00000000e2900000, 0x0000000100000000)
  eden space 131072K, 13% used [0x00000000d5e00000,0x00000000d6f8b1d8,0x00000000dde00000)
  from space 12800K, 0% used [0x00000000dde00000,0x00000000dde00000,0x00000000dea80000)
  to   space 12800K, 0% used [0x00000000e1c80000,0x00000000e1c80000,0x00000000e2900000)
 ParOldGen       total 55808K, used 18956K [0x0000000081a00000, 0x0000000085080000, 0x00000000d5e00000)
  object space 55808K, 33% used [0x0000000081a00000,0x0000000082c83330,0x0000000085080000)
 Metaspace       used 34658K, capacity 36220K, committed 36352K, reserved 1081344K
  class space    used 4537K, capacity 4817K, committed 4864K, reserved 1048576K

Card table byte_map: [0x0000000012720000,0x0000000012b20000] byte_map_base: 0x0000000012313000

Marking Bits: (ParMarkBitMap*) 0x00000000604f2d00
 Begin Bits: [0x00000000131d0000, 0x0000000015168000)
 End Bits:   [0x0000000015168000, 0x0000000017100000)

Polling page: 0x0000000001280000

CodeCache: size=245760Kb used=12218Kb max_used=13747Kb free=233541Kb
 bounds [0x0000000003360000, 0x00000000040e0000, 0x0000000012360000]
 total_blobs=3830 nmethods=3414 adapters=327
 compilation: enabled

Compilation events (10 events):
Event: 6.517 Thread 0x0000000019708800 3948       3       jdk.internal.org.objectweb.asm.FieldWriter::put (472 bytes)
Event: 6.518 Thread 0x0000000019708800 nmethod 3948 0x0000000003710110 code [0x00000000037104c0, 0x00000000037118b8]
Event: 6.519 Thread 0x0000000019708800 3951       1       java.util.stream.ReferencePipeline$StatefulOp::opIsStateful (2 bytes)
Event: 6.519 Thread 0x0000000019708800 nmethod 3951 0x00000000034e7c50 code [0x00000000034e7da0, 0x00000000034e7eb0]
Event: 6.520 Thread 0x0000000019708800 3952       3       java.lang.invoke.MemberName::equals (69 bytes)
Event: 6.521 Thread 0x0000000019708800 nmethod 3952 0x0000000003758a10 code [0x0000000003758c60, 0x0000000003759e78]
Event: 6.521 Thread 0x0000000019708800 3953       3       java.util.concurrent.CopyOnWriteArrayList::<init> (24 bytes)
Event: 6.521 Thread 0x0000000019708800 nmethod 3953 0x00000000034bc310 code [0x00000000034bc4c0, 0x00000000034bcb50]
Event: 6.543 Thread 0x0000000019708800 3954       1       org.springframework.cglib.core.Block::getEnd (5 bytes)
Event: 6.543 Thread 0x0000000019708800 nmethod 3954 0x000000000360b950 code [0x000000000360baa0, 0x000000000360bbb0]

GC Heap History (10 events):
Event: 2.933 GC heap before
{Heap before GC invocations=7 (full 1):
 PSYoungGen      total 71680K, used 66556K [0x00000000d5e00000, 0x00000000df500000, 0x0000000100000000)
  eden space 66560K, 99% used [0x00000000d5e00000,0x00000000d9eff290,0x00000000d9f00000)
  from space 5120K, 0% used [0x00000000d9f00000,0x00000000d9f00000,0x00000000da400000)
  to   space 10752K, 0% used [0x00000000dea80000,0x00000000dea80000,0x00000000df500000)
 ParOldGen       total 55808K, used 8713K [0x0000000081a00000, 0x0000000085080000, 0x00000000d5e00000)
  object space 55808K, 15% used [0x0000000081a00000,0x00000000822824d0,0x0000000085080000)
 Metaspace       used 24266K, capacity 24982K, committed 25216K, reserved 1071104K
  class space    used 3175K, capacity 3359K, committed 3456K, reserved 1048576K
Event: 2.962 GC heap after
Heap after GC invocations=7 (full 1):
 PSYoungGen      total 121856K, used 5952K [0x00000000d5e00000, 0x00000000df080000, 0x0000000100000000)
  eden space 115712K, 0% used [0x00000000d5e00000,0x00000000d5e00000,0x00000000dcf00000)
  from space 6144K, 96% used [0x00000000dea80000,0x00000000df050340,0x00000000df080000)
  to   space 9728K, 0% used [0x00000000ddd80000,0x00000000ddd80000,0x00000000de700000)
 ParOldGen       total 55808K, used 8721K [0x0000000081a00000, 0x0000000085080000, 0x00000000d5e00000)
  object space 55808K, 15% used [0x0000000081a00000,0x00000000822844d0,0x0000000085080000)
 Metaspace       used 24266K, capacity 24982K, committed 25216K, reserved 1071104K
  class space    used 3175K, capacity 3359K, committed 3456K, reserved 1048576K
}
Event: 4.226 GC heap before
{Heap before GC invocations=8 (full 1):
 PSYoungGen      total 121856K, used 121664K [0x00000000d5e00000, 0x00000000df080000, 0x0000000100000000)
  eden space 115712K, 100% used [0x00000000d5e00000,0x00000000dcf00000,0x00000000dcf00000)
  from space 6144K, 96% used [0x00000000dea80000,0x00000000df050340,0x00000000df080000)
  to   space 9728K, 0% used [0x00000000ddd80000,0x00000000ddd80000,0x00000000de700000)
 ParOldGen       total 55808K, used 8721K [0x0000000081a00000, 0x0000000085080000, 0x00000000d5e00000)
  object space 55808K, 15% used [0x0000000081a00000,0x00000000822844d0,0x0000000085080000)
 Metaspace       used 28191K, capacity 28998K, committed 29056K, reserved 1075200K
  class space    used 3713K, capacity 3942K, committed 3968K, reserved 1048576K
Event: 4.242 GC heap after
Heap after GC invocations=8 (full 1):
 PSYoungGen      total 125440K, used 9081K [0x00000000d5e00000, 0x00000000df080000, 0x0000000100000000)
  eden space 115712K, 0% used [0x00000000d5e00000,0x00000000d5e00000,0x00000000dcf00000)
  from space 9728K, 93% used [0x00000000ddd80000,0x00000000de65e4a0,0x00000000de700000)
  to   space 6144K, 0% used [0x00000000dea80000,0x00000000dea80000,0x00000000df080000)
 ParOldGen       total 55808K, used 8729K [0x0000000081a00000, 0x0000000085080000, 0x00000000d5e00000)
  object space 55808K, 15% used [0x0000000081a00000,0x00000000822864d0,0x0000000085080000)
 Metaspace       used 28191K, capacity 28998K, committed 29056K, reserved 1075200K
  class space    used 3713K, capacity 3942K, committed 3968K, reserved 1048576K
}
Event: 5.852 GC heap before
{Heap before GC invocations=9 (full 1):
 PSYoungGen      total 125440K, used 124793K [0x00000000d5e00000, 0x00000000df080000, 0x0000000100000000)
  eden space 115712K, 100% used [0x00000000d5e00000,0x00000000dcf00000,0x00000000dcf00000)
  from space 9728K, 93% used [0x00000000ddd80000,0x00000000de65e4a0,0x00000000de700000)
  to   space 6144K, 0% used [0x00000000dea80000,0x00000000dea80000,0x00000000df080000)
 ParOldGen       total 55808K, used 8729K [0x0000000081a00000, 0x0000000085080000, 0x00000000d5e00000)
  object space 55808K, 15% used [0x0000000081a00000,0x00000000822864d0,0x0000000085080000)
 Metaspace       used 33423K, capacity 34756K, committed 34816K, reserved 1079296K
  class space    used 4339K, capacity 4599K, committed 4608K, reserved 1048576K
Event: 5.865 GC heap after
Heap after GC invocations=9 (full 1):
 PSYoungGen      total 137216K, used 6117K [0x00000000d5e00000, 0x00000000e3200000, 0x0000000100000000)
  eden space 131072K, 0% used [0x00000000d5e00000,0x00000000d5e00000,0x00000000dde00000)
  from space 6144K, 99% used [0x00000000dea80000,0x00000000df0794a0,0x00000000df080000)
  to   space 12800K, 0% used [0x00000000dde00000,0x00000000dde00000,0x00000000dea80000)
 ParOldGen       total 55808K, used 15048K [0x0000000081a00000, 0x0000000085080000, 0x00000000d5e00000)
  object space 55808K, 26% used [0x0000000081a00000,0x00000000828b2290,0x0000000085080000)
 Metaspace       used 33423K, capacity 34756K, committed 34816K, reserved 1079296K
  class space    used 4339K, capacity 4599K, committed 4608K, reserved 1048576K
}
Event: 6.198 GC heap before
{Heap before GC invocations=10 (full 1):
 PSYoungGen      total 137216K, used 53987K [0x00000000d5e00000, 0x00000000e3200000, 0x0000000100000000)
  eden space 131072K, 36% used [0x00000000d5e00000,0x00000000d8cbfa58,0x00000000dde00000)
  from space 6144K, 99% used [0x00000000dea80000,0x00000000df0794a0,0x00000000df080000)
  to   space 12800K, 0% used [0x00000000dde00000,0x00000000dde00000,0x00000000dea80000)
 ParOldGen       total 55808K, used 15048K [0x0000000081a00000, 0x0000000085080000, 0x00000000d5e00000)
  object space 55808K, 26% used [0x0000000081a00000,0x00000000828b2290,0x0000000085080000)
 Metaspace       used 34045K, capacity 35394K, committed 35456K, reserved 1079296K
  class space    used 4419K, capacity 4700K, committed 4736K, reserved 1048576K
Event: 6.206 GC heap after
Heap after GC invocations=10 (full 1):
 PSYoungGen      total 143872K, used 6010K [0x00000000d5e00000, 0x00000000e2900000, 0x0000000100000000)
  eden space 131072K, 0% used [0x00000000d5e00000,0x00000000d5e00000,0x00000000dde00000)
  from space 12800K, 46% used [0x00000000dde00000,0x00000000de3de858,0x00000000dea80000)
  to   space 12800K, 0% used [0x00000000e1c80000,0x00000000e1c80000,0x00000000e2900000)
 ParOldGen       total 55808K, used 16499K [0x0000000081a00000, 0x0000000085080000, 0x00000000d5e00000)
  object space 55808K, 29% used [0x0000000081a00000,0x0000000082a1cd30,0x0000000085080000)
 Metaspace       used 34045K, capacity 35394K, committed 35456K, reserved 1079296K
  class space    used 4419K, capacity 4700K, committed 4736K, reserved 1048576K
}
Event: 6.206 GC heap before
{Heap before GC invocations=11 (full 2):
 PSYoungGen      total 143872K, used 6010K [0x00000000d5e00000, 0x00000000e2900000, 0x0000000100000000)
  eden space 131072K, 0% used [0x00000000d5e00000,0x00000000d5e00000,0x00000000dde00000)
  from space 12800K, 46% used [0x00000000dde00000,0x00000000de3de858,0x00000000dea80000)
  to   space 12800K, 0% used [0x00000000e1c80000,0x00000000e1c80000,0x00000000e2900000)
 ParOldGen       total 55808K, used 16499K [0x0000000081a00000, 0x0000000085080000, 0x00000000d5e00000)
  object space 55808K, 29% used [0x0000000081a00000,0x0000000082a1cd30,0x0000000085080000)
 Metaspace       used 34045K, capacity 35394K, committed 35456K, reserved 1079296K
  class space    used 4419K, capacity 4700K, committed 4736K, reserved 1048576K
Event: 6.333 GC heap after
Heap after GC invocations=11 (full 2):
 PSYoungGen      total 143872K, used 0K [0x00000000d5e00000, 0x00000000e2900000, 0x0000000100000000)
  eden space 131072K, 0% used [0x00000000d5e00000,0x00000000d5e00000,0x00000000dde00000)
  from space 12800K, 0% used [0x00000000dde00000,0x00000000dde00000,0x00000000dea80000)
  to   space 12800K, 0% used [0x00000000e1c80000,0x00000000e1c80000,0x00000000e2900000)
 ParOldGen       total 55808K, used 18956K [0x0000000081a00000, 0x0000000085080000, 0x00000000d5e00000)
  object space 55808K, 33% used [0x0000000081a00000,0x0000000082c83330,0x0000000085080000)
 Metaspace       used 34045K, capacity 35394K, committed 35456K, reserved 1079296K
  class space    used 4419K, capacity 4700K, committed 4736K, reserved 1048576K
}

Deoptimization events (10 events):
Event: 5.836 Thread 0x000000001dcad800 Uncommon trap: reason=class_check action=maybe_recompile pc=0x0000000003959b74 method=java.util.zip.InflaterInputStream.read([BII)I @ 100
Event: 5.836 Thread 0x000000001dcad800 Uncommon trap: reason=class_check action=maybe_recompile pc=0x0000000003959b74 method=java.util.zip.InflaterInputStream.read([BII)I @ 100
Event: 5.926 Thread 0x000000001dcad800 Uncommon trap: reason=unstable_if action=reinterpret pc=0x0000000004032314 method=java.util.Properties.load0(Ljava/util/Properties$LineReader;)V @ 80
Event: 6.094 Thread 0x000000001dcad800 Uncommon trap: reason=unstable_if action=reinterpret pc=0x00000000034e4a94 method=java.util.Properties$LineReader.readLine()I @ 180
Event: 6.094 Thread 0x000000001dcad800 Uncommon trap: reason=unstable_if action=reinterpret pc=0x0000000003481824 method=java.util.Properties$LineReader.readLine()I @ 180
Event: 6.099 Thread 0x000000001dcad800 Uncommon trap: reason=unstable_if action=reinterpret pc=0x0000000003601a14 method=java.lang.Class.searchMethods([Ljava/lang/reflect/Method;Ljava/lang/String;[Ljava/lang/Class;)Ljava/lang/reflect/Method; @ 47
Event: 6.109 Thread 0x000000001dcad800 Uncommon trap: reason=unstable_if action=reinterpret pc=0x0000000003b06c7c method=org.springframework.util.ConcurrentReferenceHashMap$Segment.findInChain(Lorg/springframework/util/ConcurrentReferenceHashMap$Reference;Ljava/lang/Object;I)Lorg/springframewo
Event: 6.109 Thread 0x000000001dcad800 Uncommon trap: reason=unstable_if action=reinterpret pc=0x0000000003b0ddf4 method=org.springframework.util.ConcurrentReferenceHashMap$Segment.findInChain(Lorg/springframework/util/ConcurrentReferenceHashMap$Reference;Ljava/lang/Object;I)Lorg/springframewo
Event: 6.365 Thread 0x000000001dcad800 Uncommon trap: reason=unstable_if action=reinterpret pc=0x0000000003fad2ec method=java.lang.Class.cast(Ljava/lang/Object;)Ljava/lang/Object; @ 9
Event: 6.495 Thread 0x000000001dcad800 Uncommon trap: reason=unstable_if action=reinterpret pc=0x0000000003fb7fd4 method=jdk.internal.org.objectweb.asm.Type.getArgumentsAndReturnSizes(Ljava/lang/String;)I @ 41

Classes redefined (0 events):
No events

Internal exceptions (10 events):
Event: 6.438 Thread 0x000000001dcad800 Exception <a 'java/lang/ClassNotFoundException': java/lang/ObjectCustomizer> (0x00000000d6516be8) thrown at [C:\re\workspace\8-2-build-windows-amd64-cygwin\jdk8u181\11358\hotspot\src\share\vm\classfile\systemDictionary.cpp, line 210]
Event: 6.439 Thread 0x000000001dcad800 Exception <a 'java/lang/ClassNotFoundException': org/springframework/boot/actuate/autoconfigure/metrics/web/client/RestTemplateMetricsAutoConfigurationCustomizer> (0x00000000d653f028) thrown at [C:\re\workspace\8-2-build-windows-amd64-cygwin\jdk8u181\1135
Event: 6.441 Thread 0x000000001dcad800 Exception <a 'java/lang/ClassNotFoundException': org/springframework/boot/actuate/autoconfigure/metrics/web/client/RestTemplateMetricsAutoConfiguration$$EnhancerBySpringCGLIB$$d137b007Customizer> (0x00000000d656f948) thrown at [C:\re\workspace\8-2-build-w
Event: 6.441 Thread 0x000000001dcad800 Exception <a 'java/lang/ClassNotFoundException': org/springframework/context/annotation/ConfigurationClassEnhancer$EnhancedConfigurationCustomizer> (0x00000000d659ca20) thrown at [C:\re\workspace\8-2-build-windows-amd64-cygwin\jdk8u181\11358\hotspot\src\s
Event: 6.448 Thread 0x000000001dcad800 Exception <a 'java/lang/ClassNotFoundException': java/lang/ObjectCustomizer> (0x00000000d66551e8) thrown at [C:\re\workspace\8-2-build-windows-amd64-cygwin\jdk8u181\11358\hotspot\src\share\vm\classfile\systemDictionary.cpp, line 210]
Event: 6.449 Thread 0x000000001dcad800 Exception <a 'java/lang/ClassNotFoundException': io/micrometer/core/instrument/config/MeterFilter$9Customizer> (0x00000000d6670a40) thrown at [C:\re\workspace\8-2-build-windows-amd64-cygwin\jdk8u181\11358\hotspot\src\share\vm\classfile\systemDictionary.cp
Event: 6.450 Thread 0x000000001dcad800 Exception <a 'java/lang/ClassNotFoundException': io/micrometer/core/instrument/config/MeterFilterCustomizer> (0x00000000d668b310) thrown at [C:\re\workspace\8-2-build-windows-amd64-cygwin\jdk8u181\11358\hotspot\src\share\vm\classfile\systemDictionary.cpp,
Event: 6.487 Thread 0x000000001dcad800 Exception <a 'java/lang/NoSuchMethodError': java.lang.Object.lambda$comparing$77a9974f$1(Ljava/util/function/Function;Ljava/lang/Object;Ljava/lang/Object;)I> (0x00000000d66f9b70) thrown at [C:\re\workspace\8-2-build-windows-amd64-cygwin\jdk8u181\11358\hot
Event: 6.544 Thread 0x000000001dcad800 Exception <a 'java/lang/ClassNotFoundException': java/lang/ObjectCustomizer> (0x00000000d6911100) thrown at [C:\re\workspace\8-2-build-windows-amd64-cygwin\jdk8u181\11358\hotspot\src\share\vm\classfile\systemDictionary.cpp, line 210]
Event: 6.545 Thread 0x000000001dcad800 Exception <a 'java/lang/ClassNotFoundException': org/springframework/boot/actuate/metrics/web/servlet/DefaultWebMvcTagsProviderCustomizer> (0x00000000d69329b8) thrown at [C:\re\workspace\8-2-build-windows-amd64-cygwin\jdk8u181\11358\hotspot\src\share\vm\c

Events (10 events):
Event: 6.544 loading class org/springframework/boot/actuate/metrics/web/servlet/DefaultWebMvcTagsProviderCustomizer
Event: 6.544 loading class org/springframework/boot/actuate/metrics/web/servlet/DefaultWebMvcTagsProviderCustomizer done
Event: 6.545 loading class org/springframework/boot/actuate/metrics/web/servlet/DefaultWebMvcTagsProviderCustomizer
Event: 6.545 loading class org/springframework/boot/actuate/metrics/web/servlet/DefaultWebMvcTagsProviderCustomizer done
Event: 6.545 loading class org/springframework/boot/actuate/metrics/web/servlet/DefaultWebMvcTagsProviderCustomizer
Event: 6.545 loading class org/springframework/boot/actuate/metrics/web/servlet/DefaultWebMvcTagsProviderCustomizer done
Event: 6.545 loading class org/springframework/boot/actuate/metrics/web/servlet/WebMvcTagsProviderCustomizer
Event: 6.545 loading class org/springframework/boot/actuate/metrics/web/servlet/WebMvcTagsProviderCustomizer done
Event: 6.546 loading class org/springframework/boot/actuate/metrics/web/servlet/WebMvcTagsProviderCustomizer
Event: 6.546 loading class org/springframework/boot/actuate/metrics/web/servlet/WebMvcTagsProviderCustomizer done


Dynamic libraries:
0x00007ff6bba80000 - 0x00007ff6bbab7000 	C:\Program Files\Java\jre1.8.0_181\bin\java.exe
0x00007ffebdbd0000 - 0x00007ffebddb1000 	C:\WINDOWS\SYSTEM32\ntdll.dll
0x00007ffebd680000 - 0x00007ffebd732000 	C:\WINDOWS\System32\KERNEL32.DLL
0x00007ffebaa00000 - 0x00007ffebac73000 	C:\WINDOWS\System32\KERNELBASE.dll
0x00007ffebb210000 - 0x00007ffebb2b1000 	C:\WINDOWS\System32\ADVAPI32.dll
0x00007ffebb170000 - 0x00007ffebb20e000 	C:\WINDOWS\System32\msvcrt.dll
0x00007ffebb2d0000 - 0x00007ffebb32b000 	C:\WINDOWS\System32\sechost.dll
0x00007ffebda70000 - 0x00007ffebdb94000 	C:\WINDOWS\System32\RPCRT4.dll
0x00007ffebd740000 - 0x00007ffebd8d0000 	C:\WINDOWS\System32\USER32.dll
0x00007ffebad20000 - 0x00007ffebad40000 	C:\WINDOWS\System32\win32u.dll
0x00007ffebb950000 - 0x00007ffebb978000 	C:\WINDOWS\System32\GDI32.dll
0x00007ffebad40000 - 0x00007ffebaed2000 	C:\WINDOWS\System32\gdi32full.dll
0x00007ffebac80000 - 0x00007ffebad1f000 	C:\WINDOWS\System32\msvcp_win.dll
0x00007ffeb9fa0000 - 0x00007ffeba09a000 	C:\WINDOWS\System32\ucrtbase.dll
0x00007ffeb1e30000 - 0x00007ffeb2099000 	C:\WINDOWS\WinSxS\amd64_microsoft.windows.common-controls_6595b64144ccf1df_6.0.17134.165_none_fb429645306569ac\COMCTL32.dll
0x00007ffebb5c0000 - 0x00007ffebb8e3000 	C:\WINDOWS\System32\combase.dll
0x00007ffebaf90000 - 0x00007ffebb00a000 	C:\WINDOWS\System32\bcryptPrimitives.dll
0x00007ffebbb00000 - 0x00007ffebbb2d000 	C:\WINDOWS\System32\IMM32.DLL
0x0000000060580000 - 0x0000000060652000 	C:\Program Files\Java\jre1.8.0_181\bin\msvcr100.dll
0x000000005fcd0000 - 0x0000000060572000 	C:\Program Files\Java\jre1.8.0_181\bin\server\jvm.dll
0x00007ffebb150000 - 0x00007ffebb158000 	C:\WINDOWS\System32\PSAPI.DLL
0x00007ffeb8750000 - 0x00007ffeb8759000 	C:\WINDOWS\SYSTEM32\WSOCK32.dll
0x00007ffebbbd0000 - 0x00007ffebbc3c000 	C:\WINDOWS\System32\WS2_32.dll
0x00007ffeb71f0000 - 0x00007ffeb7213000 	C:\WINDOWS\SYSTEM32\WINMM.dll
0x00007ffeb2ca0000 - 0x00007ffeb2caa000 	C:\WINDOWS\SYSTEM32\VERSION.dll
0x00007ffeb71c0000 - 0x00007ffeb71ea000 	C:\WINDOWS\SYSTEM32\WINMMBASE.dll
0x00007ffebb010000 - 0x00007ffebb059000 	C:\WINDOWS\System32\cfgmgr32.dll
0x000000005fcc0000 - 0x000000005fccf000 	C:\Program Files\Java\jre1.8.0_181\bin\verify.dll
0x000000005fc90000 - 0x000000005fcb9000 	C:\Program Files\Java\jre1.8.0_181\bin\java.dll
0x000000005fc20000 - 0x000000005fc36000 	C:\Program Files\Java\jre1.8.0_181\bin\zip.dll
0x00007ffebbc40000 - 0x00007ffebd080000 	C:\WINDOWS\System32\SHELL32.dll
0x00007ffebd0a0000 - 0x00007ffebd149000 	C:\WINDOWS\System32\shcore.dll
0x00007ffeba2f0000 - 0x00007ffeba9fd000 	C:\WINDOWS\System32\windows.storage.dll
0x00007ffebb8f0000 - 0x00007ffebb941000 	C:\WINDOWS\System32\shlwapi.dll
0x00007ffeb9f80000 - 0x00007ffeb9f91000 	C:\WINDOWS\System32\kernel.appcore.dll
0x00007ffeb9ee0000 - 0x00007ffeb9eff000 	C:\WINDOWS\System32\profapi.dll
0x00007ffeb9f10000 - 0x00007ffeb9f5c000 	C:\WINDOWS\System32\powrprof.dll
0x00007ffeb9f00000 - 0x00007ffeb9f0a000 	C:\WINDOWS\System32\FLTLIB.DLL
0x000000005fc80000 - 0x000000005fc8d000 	C:\Program Files\Java\jre1.8.0_181\bin\management.dll
0x000000005fc00000 - 0x000000005fc1a000 	C:\Program Files\Java\jre1.8.0_181\bin\net.dll
0x00007ffeb93a0000 - 0x00007ffeb9406000 	C:\WINDOWS\system32\mswsock.dll
0x00007ffeb1700000 - 0x00007ffeb1716000 	C:\WINDOWS\system32\napinsp.dll
0x00007ffeb16e0000 - 0x00007ffeb16fa000 	C:\WINDOWS\system32\pnrpnsp.dll
0x00007ffeb51f0000 - 0x00007ffeb5209000 	C:\WINDOWS\system32\NLAapi.dll
0x00007ffeb9160000 - 0x00007ffeb921e000 	C:\WINDOWS\SYSTEM32\DNSAPI.dll
0x00007ffebb160000 - 0x00007ffebb168000 	C:\WINDOWS\System32\NSI.dll
0x00007ffeb9120000 - 0x00007ffeb9158000 	C:\WINDOWS\SYSTEM32\IPHLPAPI.DLL
0x00007ffeb16d0000 - 0x00007ffeb16de000 	C:\WINDOWS\System32\winrnr.dll
0x00007ffea97d0000 - 0x00007ffea97e5000 	C:\WINDOWS\System32\wshbth.dll
0x00007ffeaf5c0000 - 0x00007ffeaf5ca000 	C:\Windows\System32\rasadhlp.dll
0x00007ffeb0050000 - 0x00007ffeb00c2000 	C:\WINDOWS\System32\fwpuclnt.dll
0x00007ffeb9a00000 - 0x00007ffeb9a25000 	C:\WINDOWS\SYSTEM32\bcrypt.dll
0x000000005fbe0000 - 0x000000005fbf1000 	C:\Program Files\Java\jre1.8.0_181\bin\nio.dll
0x00007ffeb9b00000 - 0x00007ffeb9b17000 	C:\WINDOWS\SYSTEM32\CRYPTSP.dll
0x00007ffeb8f80000 - 0x00007ffeb8fb3000 	C:\WINDOWS\system32\rsaenh.dll
0x00007ffeb9e10000 - 0x00007ffeb9e38000 	C:\WINDOWS\SYSTEM32\USERENV.dll
0x00007ffeb95b0000 - 0x00007ffeb95bb000 	C:\WINDOWS\SYSTEM32\CRYPTBASE.dll
0x00007ffeb1070000 - 0x00007ffeb1086000 	C:\WINDOWS\SYSTEM32\dhcpcsvc6.DLL
0x00007ffeb1a00000 - 0x00007ffeb1a1a000 	C:\WINDOWS\SYSTEM32\dhcpcsvc.DLL

VM Arguments:
java_command: com.eniso.acmwebservice.AcmwebserviceApplication
java_class_path (initial): C:\Users\Nesrine\Desktop\acmWebService\target\classes;C:\Users\Nesrine\.m2\repository\org\springframework\boot\spring-boot-starter-jdbc\2.0.3.RELEASE\spring-boot-starter-jdbc-2.0.3.RELEASE.jar;C:\Users\Nesrine\.m2\repository\org\springframework\data\spring-data-commons\2.0.8.RELEASE\spring-data-commons-2.0.8.RELEASE.jar;C:\Users\Nesrine\.m2\repository\org\springframework\boot\spring-boot-starter-logging\2.0.3.RELEASE\spring-boot-starter-logging-2.0.3.RELEASE.jar;C:\Users\Nesrine\.m2\repository\org\springframework\boot\spring-boot-starter\2.0.3.RELEASE\spring-boot-starter-2.0.3.RELEASE.jar;C:\Users\Nesrine\.m2\repository\org\hibernate\common\hibernate-commons-annotations\5.0.1.Final\hibernate-commons-annotations-5.0.1.Final.jar;C:\Users\Nesrine\.m2\repository\io\micrometer\micrometer-core\1.0.5\micrometer-core-1.0.5.jar;C:\Users\Nesrine\.m2\repository\org\codehaus\jackson\jackson-mapper-asl\1.9.9\jackson-mapper-asl-1.9.9.jar;C:\Users\Nesrine\.m2\repository\org\springframework\data\spring-data-jpa\2.0.8.RELEASE\spring-data-jpa-2.0.8.RELEASE.jar;C:\Users\Nesrine\.m2\repository\javax\validation\validation-api\2.0.1.Final\validation-api-2.0.1.Final.jar;C:\Users\Nesrine\.m2\repository\mysql\mysql-connector-java\5.1.46\mysql-connector-java-5.1.46.jar;C:\Users\Nesrine\.m2\repository\org\springframework\boot\spring-boot-starter-data-jpa\2.0.3.RELEASE\spring-boot-starter-data-jpa-2.0.3.RELEASE.jar;C:\Users\Nesrine\.m2\repository\antlr\antlr\2.7.7\antlr-2.7.7.jar;C:\Users\Nesrine\.m2\repository\org\springframework\spring-tx\5.0.7.RELEASE\spring-tx-5.0.7.RELEASE.jar;C:\Users\Nesrine\.m2\repository\org\springframework\spring-core\5.0.7.RELEASE\spring-core-5.0.7.RELEASE.jar;C:\Users\Nesrine\.m2\repository\com\fasterxml\classmate\1.3.4\classmate-1.3.4.jar;C:\Users\Nesrine\.m2\repository\org\springframework\boot\spring-boot-starter-aop\2.0.3.RELEASE\spring-boot-starter-aop-2.0.3.RELEASE.jar;C:\Users\Nesrine\.m2\repository\ch\qos\logback\logback-classic\
Launcher Type: SUN_STANDARD

Environment Variables:
PATH=C:\Program Files\Docker\Docker\Resources\bin;C:\Program Files (x86)\Common Files\Oracle\Java\javapath;C:\ProgramData\Oracle\Java\javapath;C:\WINDOWS\system32;C:\WINDOWS;C:\WINDOWS\System32\Wbem;C:\WINDOWS\System32\WindowsPowerShell\v1.0\;C:\Program Files\dotnet\;C:\Program Files\Microsoft SQL Server\130\Tools\Binn\;C:\Program Files\MATLAB\R2017a\runtime\win64;C:\Program Files\MATLAB\R2017a\bin;C:\Program Files\MinGW\bin;C:\Program Files\Flex\bin;C:\Program Files (x86)\GnuWin32\bin;C:\Program Files\Git\cmd;C:\Program Files\MongoDB\Server\3.6\bin;C:\oracle_odbc;C:\Program Files (x86)\OpenSSH\bin;C:\Users\Nesrine\AppData\Local\Programs\Python\Python36;C:\Users\Nesrine\AppData\Local\Programs\Python\Python36\Scripts;C:\WINDOWS\System32\OpenSSH\;C:\Program Files\php;C:\composer;C:\Program Files\nodejs\;C:\Program Files\Apache Software Foundation\apache-maven-3.5.4\apache-maven\src\bin;C:\Program Files\Apache Software Foundation\apache-maven-3.5.4\bin;C:\Program Files\Java\jdk1.8;C:\Program Files\Java\jre1.8.0_181;C:\Users\Nesrine\AppData\Local\Microsoft\WindowsApps;C:\Users\Nesrine\AppData\Local\GitHubDesktop\bin;C:\Users\Nesrine\AppData\Local\Microsoft\WindowsApps;C:\Program Files\Microsoft VS Code\bin;C:\Program Files\php;C:\Users\Nesrine\AppData\Roaming\Composer\vendor\bin;C:\wamp64\bin\mysql\mysql5.7.19\bin;C:\Program Files\MinGW\msys\1.0\bin;C:\Users\Nesrine\AppData\Roaming\npm
USERNAME=Nesrine
OS=Windows_NT
PROCESSOR_IDENTIFIER=Intel64 Family 6 Model 94 Stepping 3, GenuineIntel



---------------  S Y S T E M  ---------------

OS: Windows 10.0 , 64 bit Build 17134 (10.0.17134.1)

CPU:total 4 (initial active 4) (4 cores per cpu, 1 threads per core) family 6 model 94 stepping 3, cmov, cx8, fxsr, mmx, sse, sse2, sse3, ssse3, sse4.1, sse4.2, popcnt, avx, avx2, aes, clmul, erms, rtm, 3dnowpref, lzcnt, tsc, tscinvbit, bmi1, bmi2, adx

Memory: 4k page, physical 8279152k(1459748k free), swap 33444976k(5000k free)

vm_info: Java HotSpot(TM) 64-Bit Server VM (25.181-b13) for windows-amd64 JRE (1.8.0_181-b13), built on Jul  7 2018 04:01:33 by "java_re" with MS VC++ 10.0 (VS2010)

time: Mon Aug 13 15:38:38 2018
elapsed time: 6 seconds (0d 0h 0m 6s)

